<?xml version="1.0" encoding="UTF-8"?>
<coverage generated="1789980638008" clover="3.2.0">
  <project timestamp="1789980638008" name="All files">
    <metrics statements="511" coveredstatements="353" conditionals="474" coveredconditionals="237" methods="104" coveredmethods="66" elements="1089" coveredelements="656" complexity="0" loc="511" ncloc="511" packages="1" files="3" classes="3"/>
    <file name="events.ts" path="/home/user/abcp-sdk/webui/src/lib/events.ts">
      <metrics statements="5" coveredstatements="2" conditionals="9" coveredconditionals="3" methods="4" coveredmethods="1"/>
      <line num="19" count="27" type="cond" truecount="1" falsecount="1"/>
      <line num="31" count="1" type="stmt"/>
      <line num="37" count="0" type="stmt"/>
      <line num="41" count="0" type="stmt"/>
      <line num="46" count="0" type="stmt"/>
    </file>
    <file name="message-order.ts" path="/home/user/abcp-sdk/webui/src/lib/message-order.ts">
      <metrics statements="29" coveredstatements="29" conditionals="23" coveredconditionals="19" methods="6" coveredmethods="6"/>
      <line num="20" count="5" type="cond" truecount="3" falsecount="1"/>
      <line num="32" count="31" type="stmt"/>
      <line num="33" count="42" type="stmt"/>
      <line num="34" count="42" type="stmt"/>
      <line num="35" count="31" type="stmt"/>
      <line num="36" count="31" type="stmt"/>
      <line num="37" count="31" type="stmt"/>
      <line num="38" count="31" type="stmt"/>
      <line num="39" count="42" type="stmt"/>
      <line num="43" count="42" type="cond" truecount="5" falsecount="0"/>
      <line num="44" count="15" type="stmt"/>
      <line num="45" count="15" type="cond" truecount="2" falsecount="0"/>
      <line num="46" count="14" type="stmt"/>
      <line num="47" count="27" type="cond" truecount="2" falsecount="0"/>
      <line num="48" count="8" type="stmt"/>
      <line num="50" count="19" type="stmt"/>
      <line num="53" count="31" type="stmt"/>
      <line num="55" count="31" type="stmt"/>
      <line num="56" count="31" type="stmt"/>
      <line num="57" count="31" type="stmt"/>
      <line num="58" count="40" type="cond" truecount="1" falsecount="1"/>
      <line num="59" count="40" type="stmt"/>
      <line num="60" count="40" type="stmt"/>
      <line num="61" count="40" type="stmt"/>
      <line num="62" count="40" type="cond" truecount="2" falsecount="0"/>
      <line num="64" count="31" type="stmt"/>
      <line num="65" count="31" type="stmt"/>
      <line num="68" count="42" type="cond" truecount="2" falsecount="0"/>
      <line num="69" count="42" type="stmt"/>
    </file>
    <file name="messages.svelte.ts" path="/home/user/abcp-sdk/webui/src/lib/messages.svelte.ts">
      <metrics statements="477" coveredstatements="322" conditionals="442" coveredconditionals="215" methods="94" coveredmethods="59"/>
      <line num="20" count="21" type="stmt"/>
      <line num="28" count="10" type="stmt"/>
      <line num="55" count="10" type="stmt"/>
      <line num="56" count="10" type="stmt"/>
      <line num="57" count="10" type="stmt"/>
      <line num="58" count="10" type="stmt"/>
      <line num="63" count="10" type="stmt"/>
      <line num="66" count="10" type="stmt"/>
      <line num="68" count="10" type="stmt"/>
      <line num="69" count="10" type="stmt"/>
      <line num="71" count="10" type="stmt"/>
      <line num="75" count="10" type="stmt"/>
      <line num="76" count="10" type="stmt"/>
      <line num="77" count="10" type="stmt"/>
      <line num="79" count="10" type="stmt"/>
      <line num="80" count="10" type="stmt"/>
      <line num="81" count="10" type="stmt"/>
      <line num="83" count="10" type="stmt"/>
      <line num="84" count="10" type="stmt"/>
      <line num="85" count="10" type="stmt"/>
      <line num="89" count="10" type="stmt"/>
      <line num="93" count="10" type="stmt"/>
      <line num="95" count="1" type="stmt"/>
      <line num="96" count="1" type="stmt"/>
      <line num="97" count="1" type="stmt"/>
      <line num="98" count="1" type="stmt"/>
      <line num="108" count="1" type="stmt"/>
      <line num="109" count="1" type="stmt"/>
      <line num="111" count="1" type="stmt"/>
      <line num="113" count="1" type="stmt"/>
      <line num="114" count="10" type="stmt"/>
      <line num="115" count="10" type="stmt"/>
      <line num="116" count="10" type="stmt"/>
      <line num="118" count="10" type="stmt"/>
      <line num="119" count="10" type="stmt"/>
      <line num="120" count="10" type="stmt"/>
      <line num="122" count="1" type="stmt"/>
      <line num="130" count="10" type="stmt"/>
      <line num="131" count="10" type="stmt"/>
      <line num="132" count="10" type="stmt"/>
      <line num="133" count="10" type="cond" truecount="1" falsecount="1"/>
      <line num="137" count="1" type="stmt"/>
      <line num="141" count="0" type="stmt"/>
      <line num="142" count="0" type="stmt"/>
      <line num="143" count="0" type="stmt"/>
      <line num="148" count="10" type="stmt"/>
      <line num="152" count="53" type="stmt"/>
      <line num="157" count="21" type="stmt"/>
      <line num="158" count="15" type="cond" truecount="3" falsecount="0"/>
      <line num="163" count="21" type="stmt"/>
      <line num="164" count="21" type="stmt"/>
      <line num="165" count="16" type="cond" truecount="4" falsecount="1"/>
      <line num="166" count="16" type="stmt"/>
      <line num="168" count="21" type="cond" truecount="2" falsecount="0"/>
      <line num="172" count="10" type="stmt"/>
      <line num="173" count="10" type="stmt"/>
      <line num="174" count="10" type="cond" truecount="1" falsecount="1"/>
      <line num="175" count="10" type="stmt"/>
      <line num="179" count="10" type="stmt"/>
      <line num="180" count="10" type="stmt"/>
      <line num="181" count="10" type="stmt"/>
      <line num="182" count="10" type="stmt"/>
      <line num="183" count="10" type="stmt"/>
      <line num="189" count="20" type="stmt"/>
      <line num="190" count="20" type="cond" truecount="1" falsecount="1"/>
      <line num="191" count="0" type="stmt"/>
      <line num="192" count="0" type="stmt"/>
      <line num="194" count="20" type="stmt"/>
      <line num="197" count="20" type="stmt"/>
      <line num="198" count="20" type="stmt"/>
      <line num="215" count="2" type="stmt"/>
      <line num="216" count="2" type="cond" truecount="2" falsecount="2"/>
      <line num="217" count="2" type="stmt"/>
      <line num="218" count="2" type="stmt"/>
      <line num="219" count="2" type="stmt"/>
      <line num="220" count="2" type="stmt"/>
      <line num="222" count="2" type="stmt"/>
      <line num="223" count="1" type="stmt"/>
      <line num="224" count="1" type="stmt"/>
      <line num="226" count="1" type="stmt"/>
      <line num="227" count="1" type="stmt"/>
      <line num="228" count="1" type="stmt"/>
      <line num="229" count="1" type="stmt"/>
      <line num="234" count="10" type="stmt"/>
      <line num="235" count="10" type="cond" truecount="1" falsecount="1"/>
      <line num="236" count="0" type="stmt"/>
      <line num="237" count="0" type="stmt"/>
      <line num="239" count="0" type="cond" truecount="0" falsecount="2"/>
      <line num="240" count="10" type="cond" truecount="0" falsecount="2"/>
      <line num="241" count="10" type="cond" truecount="1" falsecount="1"/>
      <line num="242" count="0" type="stmt"/>
      <line num="243" count="0" type="stmt"/>
      <line num="244" count="0" type="stmt"/>
      <line num="253" count="10" type="stmt"/>
      <line num="254" count="10" type="stmt"/>
      <line num="255" count="10" type="stmt"/>
      <line num="256" count="10" type="stmt"/>
      <line num="258" count="10" type="cond" truecount="1" falsecount="3"/>
      <line num="262" count="10" type="cond" truecount="2" falsecount="3"/>
      <line num="263" count="0" type="stmt"/>
      <line num="264" count="0" type="cond" truecount="0" falsecount="2"/>
      <line num="265" count="0" type="stmt"/>
      <line num="266" count="0" type="cond" truecount="0" falsecount="4"/>
      <line num="267" count="0" type="stmt"/>
      <line num="269" count="0" type="stmt"/>
      <line num="270" count="0" type="stmt"/>
      <line num="273" count="10" type="stmt"/>
      <line num="278" count="10" type="stmt"/>
      <line num="279" count="10" type="stmt"/>
      <line num="284" count="20" type="stmt"/>
      <line num="285" count="20" type="stmt"/>
      <line num="286" count="20" type="stmt"/>
      <line num="287" count="20" type="stmt"/>
      <line num="288" count="20" type="stmt"/>
      <line num="289" count="20" type="stmt"/>
      <line num="290" count="20" type="stmt"/>
      <line num="291" count="20" type="cond" truecount="1" falsecount="1"/>
      <line num="292" count="0" type="cond" truecount="0" falsecount="2"/>
      <line num="293" count="0" type="stmt"/>
      <line num="297" count="0" type="stmt"/>
      <line num="309" count="0" type="stmt"/>
      <line num="314" count="0" type="cond" truecount="0" falsecount="4"/>
      <line num="315" count="0" type="stmt"/>
      <line num="316" count="0" type="stmt"/>
      <line num="317" count="0" type="cond" truecount="0" falsecount="2"/>
      <line num="318" count="0" type="stmt"/>
      <line num="320" count="0" type="stmt"/>
      <line num="321" count="0" type="cond" truecount="0" falsecount="4"/>
      <line num="322" count="0" type="stmt"/>
      <line num="323" count="0" type="stmt"/>
      <line num="326" count="0" type="cond" truecount="0" falsecount="4"/>
      <line num="327" count="0" type="stmt"/>
      <line num="328" count="0" type="cond" truecount="0" falsecount="2"/>
      <line num="330" count="0" type="stmt"/>
      <line num="331" count="0" type="stmt"/>
      <line num="332" count="0" type="stmt"/>
      <line num="337" count="21" type="stmt"/>
      <line num="338" count="21" type="stmt"/>
      <line num="342" count="1" type="stmt"/>
      <line num="343" count="1" type="stmt"/>
      <line num="344" count="1" type="stmt"/>
      <line num="345" count="1" type="stmt"/>
      <line num="346" count="1" type="stmt"/>
      <line num="347" count="1" type="stmt"/>
      <line num="348" count="1" type="cond" truecount="1" falsecount="1"/>
      <line num="349" count="0" type="stmt"/>
      <line num="350" count="0" type="stmt"/>
      <line num="351" count="0" type="stmt"/>
      <line num="355" count="1" type="stmt"/>
      <line num="357" count="1" type="stmt"/>
      <line num="358" count="1" type="stmt"/>
      <line num="362" count="1" type="stmt"/>
      <line num="363" count="1" type="stmt"/>
      <line num="364" count="1" type="stmt"/>
      <line num="365" count="1" type="cond" truecount="1" falsecount="1"/>
      <line num="366" count="0" type="stmt"/>
      <line num="367" count="0" type="stmt"/>
      <line num="372" count="0" type="stmt"/>
      <line num="383" count="10" type="stmt"/>
      <line num="384" count="10" type="stmt"/>
      <line num="385" count="10" type="cond" truecount="3" falsecount="1"/>
      <line num="386" count="0" type="stmt"/>
      <line num="387" count="0" type="stmt"/>
      <line num="395" count="10" type="cond" truecount="1" falsecount="1"/>
      <line num="396" count="10" type="stmt"/>
      <line num="397" count="10" type="stmt"/>
      <line num="398" count="10" type="stmt"/>
      <line num="399" count="10" type="stmt"/>
      <line num="400" count="10" type="stmt"/>
      <line num="401" count="10" type="stmt"/>
      <line num="402" count="10" type="stmt"/>
      <line num="403" count="10" type="cond" truecount="1" falsecount="1"/>
      <line num="406" count="10" type="stmt"/>
      <line num="407" count="10" type="stmt"/>
      <line num="408" count="10" type="stmt"/>
      <line num="409" count="10" type="stmt"/>
      <line num="410" count="10" type="stmt"/>
      <line num="411" count="10" type="stmt"/>
      <line num="412" count="10" type="stmt"/>
      <line num="417" count="29" type="cond" truecount="1" falsecount="1"/>
      <line num="418" count="29" type="stmt"/>
      <line num="419" count="29" type="stmt"/>
      <line num="421" count="10" type="stmt"/>
      <line num="423" count="0" type="cond" truecount="0" falsecount="2"/>
      <line num="426" count="10" type="stmt"/>
      <line num="427" count="10" type="stmt"/>
      <line num="444" count="10" type="cond" truecount="1" falsecount="1"/>
      <line num="445" count="10" type="stmt"/>
      <line num="446" count="0" type="cond" truecount="0" falsecount="2"/>
      <line num="447" count="0" type="cond" truecount="0" falsecount="2"/>
      <line num="451" count="0" type="stmt"/>
      <line num="452" count="0" type="cond" truecount="0" falsecount="2"/>
      <line num="453" count="0" type="cond" truecount="0" falsecount="4"/>
      <line num="454" count="0" type="stmt"/>
      <line num="473" count="0" type="cond" truecount="0" falsecount="2"/>
      <line num="474" count="0" type="stmt"/>
      <line num="475" count="0" type="stmt"/>
      <line num="476" count="0" type="stmt"/>
      <line num="480" count="0" type="cond" truecount="0" falsecount="4"/>
      <line num="484" count="0" type="stmt"/>
      <line num="486" count="0" type="stmt"/>
      <line num="490" count="0" type="cond" truecount="0" falsecount="2"/>
      <line num="494" count="0" type="stmt"/>
      <line num="495" count="0" type="cond" truecount="0" falsecount="2"/>
      <line num="496" count="0" type="cond" truecount="0" falsecount="2"/>
      <line num="497" count="0" type="stmt"/>
      <line num="498" count="0" type="stmt"/>
      <line num="499" count="0" type="stmt"/>
      <line num="501" count="0" type="stmt"/>
      <line num="502" count="0" type="cond" truecount="0" falsecount="2"/>
      <line num="507" count="0" type="stmt"/>
      <line num="509" count="0" type="stmt"/>
      <line num="510" count="0" type="stmt"/>
      <line num="511" count="0" type="stmt"/>
      <line num="512" count="0" type="stmt"/>
      <line num="513" count="0" type="stmt"/>
      <line num="515" count="0" type="stmt"/>
      <line num="524" count="8" type="cond" truecount="1" falsecount="1"/>
      <line num="525" count="0" type="stmt"/>
      <line num="526" count="0" type="cond" truecount="0" falsecount="2"/>
      <line num="527" count="0" type="stmt"/>
      <line num="529" count="8" type="stmt"/>
      <line num="533" count="10" type="cond" truecount="3" falsecount="1"/>
      <line num="534" count="10" type="stmt"/>
      <line num="535" count="10" type="cond" truecount="1" falsecount="1"/>
      <line num="536" count="10" type="cond" truecount="1" falsecount="1"/>
      <line num="537" count="10" type="stmt"/>
      <line num="541" count="10" type="stmt"/>
      <line num="542" count="10" type="stmt"/>
      <line num="546" count="10" type="cond" truecount="1" falsecount="1"/>
      <line num="547" count="10" type="stmt"/>
      <line num="548" count="0" type="cond" truecount="0" falsecount="2"/>
      <line num="549" count="0" type="stmt"/>
      <line num="550" count="0" type="stmt"/>
      <line num="553" count="0" type="cond" truecount="0" falsecount="4"/>
      <line num="554" count="0" type="cond" truecount="0" falsecount="2"/>
      <line num="555" count="0" type="stmt"/>
      <line num="556" count="0" type="stmt"/>
      <line num="561" count="0" type="stmt"/>
      <line num="562" count="0" type="stmt"/>
      <line num="571" count="10" type="cond" truecount="1" falsecount="1"/>
      <line num="572" count="0" type="stmt"/>
      <line num="576" count="29" type="stmt"/>
      <line num="578" count="29" type="cond" truecount="1" falsecount="1"/>
      <line num="579" count="29" type="cond" truecount="2" falsecount="0"/>
      <line num="580" count="27" type="stmt"/>
      <line num="581" count="27" type="cond" truecount="1" falsecount="1"/>
      <line num="584" count="27" type="cond" truecount="2" falsecount="0"/>
      <line num="585" count="7" type="stmt"/>
      <line num="586" count="7" type="stmt"/>
      <line num="588" count="27" type="stmt"/>
      <line num="589" count="27" type="cond" truecount="4" falsecount="0"/>
      <line num="590" count="7" type="cond" truecount="1" falsecount="1"/>
      <line num="591" count="7" type="stmt"/>
      <line num="593" count="27" type="stmt"/>
      <line num="594" count="0" type="stmt"/>
      <line num="595" count="0" type="stmt"/>
      <line num="600" count="27" type="stmt"/>
      <line num="604" count="27" type="stmt"/>
      <line num="605" count="10" type="stmt"/>
      <line num="606" count="10" type="cond" truecount="3" falsecount="1"/>
      <line num="608" count="27" type="cond" truecount="13" falsecount="7"/>
      <line num="613" count="2" type="stmt"/>
      <line num="614" count="2" type="cond" truecount="1" falsecount="1"/>
      <line num="615" count="2" type="stmt"/>
      <line num="616" count="2" type="cond" truecount="4" falsecount="0"/>
      <line num="617" count="1" type="stmt"/>
      <line num="618" count="1" type="cond" truecount="2" falsecount="2"/>
      <line num="619" count="0" type="stmt"/>
      <line num="620" count="1" type="cond" truecount="3" falsecount="1"/>
      <line num="621" count="1" type="stmt"/>
      <line num="627" count="2" type="stmt"/>
      <line num="630" count="1" type="cond" truecount="3" falsecount="1"/>
      <line num="631" count="1" type="stmt"/>
      <line num="636" count="1" type="stmt"/>
      <line num="639" count="6" type="cond" truecount="3" falsecount="1"/>
      <line num="640" count="6" type="stmt"/>
      <line num="641" count="6" type="cond" truecount="1" falsecount="1"/>
      <line num="642" count="6" type="stmt"/>
      <line num="643" count="6" type="stmt"/>
      <line num="650" count="6" type="stmt"/>
      <line num="652" count="0" type="cond" truecount="0" falsecount="4"/>
      <line num="653" count="0" type="stmt"/>
      <line num="654" count="0" type="cond" truecount="0" falsecount="2"/>
      <line num="655" count="0" type="stmt"/>
      <line num="656" count="0" type="stmt"/>
      <line num="663" count="0" type="stmt"/>
      <line num="665" count="2" type="stmt"/>
      <line num="666" count="2" type="cond" truecount="1" falsecount="1"/>
      <line num="667" count="2" type="stmt"/>
      <line num="668" count="2" type="cond" truecount="1" falsecount="1"/>
      <line num="671" count="2" type="cond" truecount="1" falsecount="1"/>
      <line num="672" count="2" type="stmt"/>
      <line num="679" count="2" type="stmt"/>
      <line num="682" count="1" type="cond" truecount="1" falsecount="1"/>
      <line num="685" count="1" type="cond" truecount="1" falsecount="1"/>
      <line num="686" count="1" type="stmt"/>
      <line num="698" count="1" type="stmt"/>
      <line num="701" count="1" type="cond" truecount="1" falsecount="1"/>
      <line num="704" count="1" type="stmt"/>
      <line num="705" count="1" type="cond" truecount="1" falsecount="1"/>
      <line num="714" count="1" type="cond" truecount="1" falsecount="1"/>
      <line num="715" count="1" type="stmt"/>
      <line num="716" count="1" type="stmt"/>
      <line num="719" count="0" type="cond" truecount="0" falsecount="2"/>
      <line num="722" count="0" type="cond" truecount="0" falsecount="2"/>
      <line num="723" count="0" type="stmt"/>
      <line num="724" count="0" type="stmt"/>
      <line num="732" count="0" type="stmt"/>
      <line num="733" count="0" type="cond" truecount="0" falsecount="4"/>
      <line num="734" count="0" type="stmt"/>
      <line num="735" count="0" type="cond" truecount="0" falsecount="2"/>
      <line num="736" count="0" type="stmt"/>
      <line num="737" count="0" type="stmt"/>
      <line num="738" count="0" type="stmt"/>
      <line num="739" count="0" type="stmt"/>
      <line num="740" count="0" type="stmt"/>
      <line num="741" count="0" type="cond" truecount="0" falsecount="2"/>
      <line num="742" count="0" type="stmt"/>
      <line num="773" count="0" type="stmt"/>
      <line num="776" count="2" type="stmt"/>
      <line num="777" count="2" type="stmt"/>
      <line num="778" count="2" type="stmt"/>
      <line num="785" count="8" type="cond" truecount="1" falsecount="1"/>
      <line num="787" count="8" type="cond" truecount="1" falsecount="1"/>
      <line num="789" count="8" type="cond" truecount="1" falsecount="1"/>
      <line num="791" count="8" type="stmt"/>
      <line num="792" count="8" type="cond" truecount="1" falsecount="1"/>
      <line num="793" count="8" type="cond" truecount="4" falsecount="0"/>
      <line num="796" count="7" type="stmt"/>
      <line num="797" count="7" type="cond" truecount="4" falsecount="0"/>
      <line num="798" count="1" type="stmt"/>
      <line num="799" count="1" type="cond" truecount="3" falsecount="1"/>
      <line num="804" count="7" type="stmt"/>
      <line num="805" count="7" type="stmt"/>
      <line num="806" count="1" type="cond" truecount="1" falsecount="1"/>
      <line num="810" count="1" type="stmt"/>
      <line num="813" count="8" type="stmt"/>
      <line num="814" count="8" type="stmt"/>
      <line num="816" count="8" type="stmt"/>
      <line num="817" count="8" type="stmt"/>
      <line num="820" count="1" type="stmt"/>
      <line num="821" count="1" type="stmt"/>
      <line num="822" count="1" type="stmt"/>
      <line num="823" count="1" type="stmt"/>
      <line num="824" count="1" type="stmt"/>
      <line num="826" count="2" type="stmt"/>
      <line num="827" count="2" type="cond" truecount="2" falsecount="2"/>
      <line num="828" count="2" type="stmt"/>
      <line num="829" count="2" type="stmt"/>
      <line num="831" count="0" type="stmt"/>
      <line num="833" count="2" type="stmt"/>
      <line num="837" count="1" type="stmt"/>
      <line num="838" count="1" type="cond" truecount="1" falsecount="1"/>
      <line num="847" count="1" type="stmt"/>
      <line num="848" count="1" type="stmt"/>
      <line num="849" count="1" type="stmt"/>
      <line num="850" count="1" type="stmt"/>
      <line num="853" count="0" type="stmt"/>
      <line num="863" count="18" type="stmt"/>
      <line num="864" count="17" type="cond" truecount="2" falsecount="0"/>
      <line num="865" count="10" type="cond" truecount="1" falsecount="1"/>
      <line num="866" count="10" type="cond" truecount="1" falsecount="1"/>
      <line num="868" count="0" type="stmt"/>
      <line num="869" count="0" type="cond" truecount="0" falsecount="2"/>
      <line num="871" count="0" type="stmt"/>
      <line num="873" count="7" type="stmt"/>
      <line num="874" count="7" type="stmt"/>
      <line num="887" count="17" type="stmt"/>
      <line num="893" count="1" type="cond" truecount="1" falsecount="1"/>
      <line num="894" count="1" type="stmt"/>
      <line num="910" count="21" type="stmt"/>
      <line num="911" count="13" type="cond" truecount="1" falsecount="1"/>
      <line num="912" count="13" type="stmt"/>
      <line num="913" count="13" type="stmt"/>
      <line num="917" count="1" type="stmt"/>
      <line num="918" count="1" type="cond" truecount="0" falsecount="1"/>
      <line num="933" count="6" type="stmt"/>
      <line num="934" count="6" type="stmt"/>
      <line num="935" count="6" type="stmt"/>
      <line num="936" count="6" type="cond" truecount="2" falsecount="0"/>
      <line num="937" count="2" type="stmt"/>
      <line num="939" count="4" type="stmt"/>
      <line num="946" count="6" type="stmt"/>
      <line num="952" count="1" type="stmt"/>
      <line num="953" count="1" type="cond" truecount="1" falsecount="1"/>
      <line num="954" count="1" type="stmt"/>
      <line num="955" count="1" type="stmt"/>
      <line num="962" count="1" type="stmt"/>
      <line num="968" count="1" type="stmt"/>
      <line num="969" count="1" type="cond" truecount="1" falsecount="1"/>
      <line num="970" count="1" type="stmt"/>
      <line num="971" count="1" type="stmt"/>
      <line num="972" count="2" type="cond" truecount="2" falsecount="0"/>
      <line num="973" count="1" type="cond" truecount="1" falsecount="1"/>
      <line num="974" count="2" type="stmt"/>
      <line num="979" count="1" type="stmt"/>
      <line num="990" count="2" type="cond" truecount="5" falsecount="0"/>
      <line num="993" count="2" type="stmt"/>
      <line num="994" count="2" type="stmt"/>
      <line num="995" count="2" type="stmt"/>
      <line num="996" count="2" type="stmt"/>
      <line num="997" count="2" type="stmt"/>
      <line num="1004" count="2" type="cond" truecount="2" falsecount="0"/>
      <line num="1005" count="1" type="stmt"/>
      <line num="1006" count="2" type="stmt"/>
      <line num="1022" count="2" type="stmt"/>
      <line num="1023" count="2" type="cond" truecount="1" falsecount="1"/>
      <line num="1024" count="2" type="stmt"/>
      <line num="1025" count="2" type="stmt"/>
      <line num="1026" count="3" type="cond" truecount="2" falsecount="0"/>
      <line num="1027" count="2" type="cond" truecount="1" falsecount="1"/>
      <line num="1028" count="3" type="cond" truecount="2" falsecount="0"/>
      <line num="1034" count="3" type="stmt"/>
      <line num="1050" count="2" type="stmt"/>
      <line num="1055" count="2" type="stmt"/>
      <line num="1056" count="4" type="cond" truecount="2" falsecount="0"/>
      <line num="1058" count="2" type="stmt"/>
      <line num="1059" count="2" type="stmt"/>
      <line num="1060" count="2" type="stmt"/>
      <line num="1061" count="2" type="stmt"/>
      <line num="1062" count="2" type="stmt"/>
      <line num="1069" count="10" type="stmt"/>
      <line num="1070" count="10" type="stmt"/>
      <line num="1071" count="10" type="stmt"/>
      <line num="1072" count="10" type="cond" truecount="1" falsecount="1"/>
      <line num="1073" count="10" type="stmt"/>
      <line num="1074" count="10" type="stmt"/>
      <line num="1076" count="0" type="stmt"/>
      <line num="1077" count="0" type="cond" truecount="0" falsecount="2"/>
      <line num="1078" count="0" type="stmt"/>
      <line num="1079" count="0" type="stmt"/>
      <line num="1081" count="0" type="stmt"/>
      <line num="1082" count="0" type="stmt"/>
      <line num="1083" count="0" type="cond" truecount="0" falsecount="2"/>
      <line num="1084" count="0" type="stmt"/>
      <line num="1085" count="0" type="stmt"/>
      <line num="1093" count="2" type="stmt"/>
      <line num="1094" count="2" type="stmt"/>
      <line num="1104" count="2" type="stmt"/>
      <line num="1105" count="2" type="stmt"/>
      <line num="1109" count="0" type="stmt"/>
      <line num="1111" count="0" type="stmt"/>
      <line num="1115" count="0" type="cond" truecount="0" falsecount="2"/>
      <line num="1116" count="0" type="stmt"/>
      <line num="1118" count="0" type="stmt"/>
      <line num="1119" count="0" type="stmt"/>
      <line num="1120" count="0" type="stmt"/>
      <line num="1121" count="0" type="stmt"/>
      <line num="1126" count="0" type="stmt"/>
      <line num="1127" count="0" type="cond" truecount="0" falsecount="2"/>
      <line num="1128" count="0" type="cond" truecount="0" falsecount="2"/>
      <line num="1129" count="0" type="stmt"/>
      <line num="1131" count="0" type="stmt"/>
      <line num="1132" count="0" type="stmt"/>
      <line num="1133" count="0" type="cond" truecount="0" falsecount="2"/>
      <line num="1134" count="0" type="stmt"/>
      <line num="1135" count="0" type="stmt"/>
      <line num="1136" count="0" type="stmt"/>
      <line num="1137" count="0" type="stmt"/>
      <line num="1138" count="0" type="stmt"/>
      <line num="1139" count="0" type="stmt"/>
      <line num="1141" count="0" type="stmt"/>
      <line num="1146" count="0" type="cond" truecount="0" falsecount="4"/>
      <line num="1147" count="0" type="stmt"/>
      <line num="1148" count="0" type="cond" truecount="0" falsecount="2"/>
      <line num="1149" count="0" type="stmt"/>
      <line num="1153" count="10" type="cond" truecount="1" falsecount="1"/>
      <line num="1154" count="10" type="stmt"/>
      <line num="1155" count="10" type="cond" truecount="2" falsecount="0"/>
      <line num="1156" count="10" type="stmt"/>
      <line num="1157" count="10" type="cond" truecount="2" falsecount="0"/>
      <line num="1158" count="10" type="stmt"/>
      <line num="1159" count="10" type="stmt"/>
      <line num="1160" count="10" type="stmt"/>
      <line num="1165" count="0" type="cond" truecount="0" falsecount="4"/>
      <line num="1166" count="0" type="stmt"/>
    </file>
  </project>
</coverage>
