{"/home/user/abcp-sdk/webui/src/lib/events.ts": {"path":"/home/user/abcp-sdk/webui/src/lib/events.ts","statementMap":{"0":{"start":{"line":19,"column":2},"end":{"line":19,"column":null}},"1":{"start":{"line":31,"column":66},"end":{"line":31,"column":null}},"2":{"start":{"line":37,"column":2},"end":{"line":37,"column":null}},"3":{"start":{"line":41,"column":2},"end":{"line":41,"column":null}},"4":{"start":{"line":46,"column":2},"end":{"line":51,"column":null}}},"fnMap":{"0":{"name":"makeStreamEvent","decl":{"start":{"line":13,"column":16},"end":{"line":13,"column":null}},"loc":{"start":{"line":18,"column":15},"end":{"line":20,"column":null}},"line":18},"1":{"name":"setAuthExpiredHandler","decl":{"start":{"line":34,"column":16},"end":{"line":34,"column":null}},"loc":{"start":{"line":36,"column":2},"end":{"line":38,"column":null}},"line":36},"2":{"name":"fireAuthExpired","decl":{"start":{"line":40,"column":16},"end":{"line":40,"column":32}},"loc":{"start":{"line":40,"column":59},"end":{"line":42,"column":null}},"line":40},"3":{"name":"isAuthError","decl":{"start":{"line":45,"column":16},"end":{"line":45,"column":28}},"loc":{"start":{"line":45,"column":49},"end":{"line":53,"column":null}},"line":45}},"branchMap":{"0":{"loc":{"start":{"line":16,"column":2},"end":{"line":16,"column":null}},"type":"default-arg","locations":[{"start":{"line":16,"column":8},"end":{"line":16,"column":null}}],"line":16},"1":{"loc":{"start":{"line":17,"column":2},"end":{"line":17,"column":null}},"type":"default-arg","locations":[{"start":{"line":17,"column":10},"end":{"line":17,"column":null}}],"line":17},"2":{"loc":{"start":{"line":19,"column":26},"end":{"line":19,"column":40}},"type":"binary-expr","locations":[{"start":{"line":19,"column":26},"end":{"line":19,"column":36}},{"start":{"line":19,"column":36},"end":{"line":19,"column":40}}],"line":19},"3":{"loc":{"start":{"line":47,"column":4},"end":{"line":51,"column":null}},"type":"binary-expr","locations":[{"start":{"line":47,"column":4},"end":{"line":47,"column":null}},{"start":{"line":48,"column":4},"end":{"line":48,"column":null}},{"start":{"line":49,"column":4},"end":{"line":49,"column":null}},{"start":{"line":50,"column":6},"end":{"line":50,"column":null}},{"start":{"line":51,"column":7},"end":{"line":51,"column":null}}],"line":47}},"s":{"0":27,"1":1,"2":0,"3":0,"4":0},"f":{"0":27,"1":0,"2":0,"3":0},"b":{"0":[27],"1":[27],"2":[27,0],"3":[0,0,0,0,0]},"meta":{"lastBranch":4,"lastFunction":4,"lastStatement":5,"seen":{"f:13:16:13:Infinity":0,"b:16:8:16:Infinity":0,"b:17:10:17:Infinity":1,"s:19:2:19:Infinity":0,"b:19:26:19:36:19:36:19:40":2,"s:31:66:31:Infinity":1,"f:34:16:34:Infinity":1,"s:37:2:37:Infinity":2,"f:40:16:40:32":2,"s:41:2:41:Infinity":3,"f:45:16:45:28":3,"s:46:2:51:Infinity":4,"b:47:4:47:Infinity:48:4:48:Infinity:49:4:49:Infinity:50:6:50:Infinity:51:7:51:Infinity":3},"fnNames":{}}}
,"/home/user/abcp-sdk/webui/src/lib/message-order.ts": {"path":"/home/user/abcp-sdk/webui/src/lib/message-order.ts","statementMap":{"0":{"start":{"line":20,"column":2},"end":{"line":20,"column":null}},"1":{"start":{"line":32,"column":16},"end":{"line":32,"column":null}},"2":{"start":{"line":33,"column":2},"end":{"line":33,"column":null}},"3":{"start":{"line":33,"column":15},"end":{"line":33,"column":18}},"4":{"start":{"line":33,"column":40},"end":{"line":33,"column":null}},"5":{"start":{"line":34,"column":15},"end":{"line":34,"column":null}},"6":{"start":{"line":34,"column":37},"end":{"line":34,"column":46}},"7":{"start":{"line":35,"column":19},"end":{"line":35,"column":null}},"8":{"start":{"line":36,"column":37},"end":{"line":36,"column":null}},"9":{"start":{"line":37,"column":36},"end":{"line":37,"column":null}},"10":{"start":{"line":38,"column":2},"end":{"line":52,"column":null}},"11":{"start":{"line":39,"column":14},"end":{"line":39,"column":null}},"12":{"start":{"line":43,"column":4},"end":{"line":51,"column":null}},"13":{"start":{"line":44,"column":18},"end":{"line":44,"column":null}},"14":{"start":{"line":45,"column":6},"end":{"line":46,"column":null}},"15":{"start":{"line":45,"column":15},"end":{"line":45,"column":null}},"16":{"start":{"line":46,"column":11},"end":{"line":46,"column":null}},"17":{"start":{"line":47,"column":11},"end":{"line":51,"column":null}},"18":{"start":{"line":48,"column":6},"end":{"line":48,"column":null}},"19":{"start":{"line":50,"column":6},"end":{"line":50,"column":null}},"20":{"start":{"line":53,"column":8},"end":{"line":54,"column":null}},"21":{"start":{"line":53,"column":40},"end":{"line":54,"column":null}},"22":{"start":{"line":55,"column":29},"end":{"line":55,"column":null}},"23":{"start":{"line":56,"column":15},"end":{"line":56,"column":null}},"24":{"start":{"line":57,"column":8},"end":{"line":63,"column":null}},"25":{"start":{"line":58,"column":4},"end":{"line":58,"column":null}},"26":{"start":{"line":58,"column":24},"end":{"line":58,"column":null}},"27":{"start":{"line":59,"column":4},"end":{"line":59,"column":null}},"28":{"start":{"line":60,"column":4},"end":{"line":60,"column":null}},"29":{"start":{"line":61,"column":17},"end":{"line":61,"column":null}},"30":{"start":{"line":62,"column":4},"end":{"line":62,"column":null}},"31":{"start":{"line":62,"column":14},"end":{"line":62,"column":null}},"32":{"start":{"line":62,"column":60},"end":{"line":62,"column":null}},"33":{"start":{"line":64,"column":2},"end":{"line":64,"column":null}},"34":{"start":{"line":64,"column":55},"end":{"line":64,"column":null}},"35":{"start":{"line":65,"column":2},"end":{"line":65,"column":null}},"36":{"start":{"line":65,"column":54},"end":{"line":65,"column":null}},"37":{"start":{"line":68,"column":2},"end":{"line":68,"column":null}},"38":{"start":{"line":68,"column":24},"end":{"line":68,"column":null}},"39":{"start":{"line":68,"column":45},"end":{"line":68,"column":null}},"40":{"start":{"line":69,"column":2},"end":{"line":69,"column":null}},"41":{"start":{"line":69,"column":28},"end":{"line":69,"column":45}}},"fnMap":{"0":{"name":"compareMessages","decl":{"start":{"line":19,"column":16},"end":{"line":19,"column":32}},"loc":{"start":{"line":19,"column":72},"end":{"line":21,"column":null}},"line":19},"1":{"name":"orderMessages","decl":{"start":{"line":31,"column":16},"end":{"line":31,"column":30}},"loc":{"start":{"line":31,"column":66},"end":{"line":70,"column":null}},"line":31},"2":{"name":"(anonymous_2)","decl":{"start":{"line":34,"column":28},"end":{"line":34,"column":32}},"loc":{"start":{"line":34,"column":37},"end":{"line":34,"column":46}},"line":34},"3":{"name":"(anonymous_3)","decl":{"start":{"line":53,"column":8},"end":{"line":53,"column":24}},"loc":{"start":{"line":53,"column":40},"end":{"line":54,"column":null}},"line":53},"4":{"name":"(anonymous_4)","decl":{"start":{"line":57,"column":8},"end":{"line":57,"column":17}},"loc":{"start":{"line":57,"column":36},"end":{"line":63,"column":null}},"line":57},"5":{"name":"(anonymous_5)","decl":{"start":{"line":69,"column":13},"end":{"line":69,"column":18}},"loc":{"start":{"line":69,"column":28},"end":{"line":69,"column":45}},"line":69}},"branchMap":{"0":{"loc":{"start":{"line":20,"column":10},"end":{"line":20,"column":31}},"type":"binary-expr","locations":[{"start":{"line":20,"column":10},"end":{"line":20,"column":19}},{"start":{"line":20,"column":19},"end":{"line":20,"column":31}}],"line":20},"1":{"loc":{"start":{"line":20,"column":31},"end":{"line":20,"column":null}},"type":"binary-expr","locations":[{"start":{"line":20,"column":31},"end":{"line":20,"column":40}},{"start":{"line":20,"column":40},"end":{"line":20,"column":null}}],"line":20},"2":{"loc":{"start":{"line":43,"column":4},"end":{"line":51,"column":null}},"type":"if","locations":[{"start":{"line":43,"column":4},"end":{"line":51,"column":null}},{"start":{"line":47,"column":11},"end":{"line":51,"column":null}}],"line":43},"3":{"loc":{"start":{"line":43,"column":8},"end":{"line":43,"column":40}},"type":"binary-expr","locations":[{"start":{"line":43,"column":8},"end":{"line":43,"column":13}},{"start":{"line":43,"column":13},"end":{"line":43,"column":27}},{"start":{"line":43,"column":27},"end":{"line":43,"column":40}}],"line":43},"4":{"loc":{"start":{"line":45,"column":6},"end":{"line":46,"column":null}},"type":"if","locations":[{"start":{"line":45,"column":6},"end":{"line":46,"column":null}},{"start":{"line":46,"column":11},"end":{"line":46,"column":null}}],"line":45},"5":{"loc":{"start":{"line":47,"column":11},"end":{"line":51,"column":null}},"type":"if","locations":[{"start":{"line":47,"column":11},"end":{"line":51,"column":null}},{"start":{"line":49,"column":11},"end":{"line":51,"column":null}}],"line":47},"6":{"loc":{"start":{"line":54,"column":5},"end":{"line":54,"column":30}},"type":"binary-expr","locations":[{"start":{"line":54,"column":5},"end":{"line":54,"column":24}},{"start":{"line":54,"column":24},"end":{"line":54,"column":30}}],"line":54},"7":{"loc":{"start":{"line":54,"column":30},"end":{"line":54,"column":null}},"type":"binary-expr","locations":[{"start":{"line":54,"column":30},"end":{"line":54,"column":49}},{"start":{"line":54,"column":49},"end":{"line":54,"column":null}}],"line":54},"8":{"loc":{"start":{"line":58,"column":4},"end":{"line":58,"column":null}},"type":"if","locations":[{"start":{"line":58,"column":4},"end":{"line":58,"column":null}},{"start":{},"end":{}}],"line":58},"9":{"loc":{"start":{"line":62,"column":4},"end":{"line":62,"column":null}},"type":"if","locations":[{"start":{"line":62,"column":4},"end":{"line":62,"column":null}},{"start":{},"end":{}}],"line":62},"10":{"loc":{"start":{"line":68,"column":24},"end":{"line":68,"column":null}},"type":"if","locations":[{"start":{"line":68,"column":24},"end":{"line":68,"column":null}},{"start":{},"end":{}}],"line":68}},"s":{"0":5,"1":31,"2":31,"3":31,"4":42,"5":31,"6":42,"7":31,"8":31,"9":31,"10":31,"11":42,"12":42,"13":15,"14":15,"15":1,"16":14,"17":27,"18":8,"19":19,"20":31,"21":4,"22":31,"23":31,"24":31,"25":40,"26":0,"27":40,"28":40,"29":40,"30":40,"31":12,"32":13,"33":31,"34":19,"35":31,"36":8,"37":31,"38":42,"39":2,"40":31,"41":42},"f":{"0":5,"1":31,"2":42,"3":4,"4":40,"5":42},"b":{"0":[5,1],"1":[5,0],"2":[15,27],"3":[42,16,16],"4":[1,14],"5":[8,19],"6":[4,0],"7":[4,0],"8":[0,40],"9":[12,28],"10":[2,40]},"meta":{"lastBranch":11,"lastFunction":6,"lastStatement":42,"seen":{"f:19:16:19:32":0,"s:20:2:20:Infinity":0,"b:20:10:20:19:20:19:20:31":0,"b:20:31:20:40:20:40:20:Infinity":1,"f:31:16:31:30":1,"s:32:16:32:Infinity":1,"s:33:2:33:Infinity":2,"s:33:15:33:18":3,"s:33:40:33:Infinity":4,"s:34:15:34:Infinity":5,"f:34:28:34:32":2,"s:34:37:34:46":6,"s:35:19:35:Infinity":7,"s:36:37:36:Infinity":8,"s:37:36:37:Infinity":9,"s:38:2:52:Infinity":10,"s:39:14:39:Infinity":11,"b:43:4:51:Infinity:47:11:51:Infinity":2,"s:43:4:51:Infinity":12,"b:43:8:43:13:43:13:43:27:43:27:43:40":3,"s:44:18:44:Infinity":13,"b:45:6:46:Infinity:46:11:46:Infinity":4,"s:45:6:46:Infinity":14,"s:45:15:45:Infinity":15,"s:46:11:46:Infinity":16,"b:47:11:51:Infinity:49:11:51:Infinity":5,"s:47:11:51:Infinity":17,"s:48:6:48:Infinity":18,"s:50:6:50:Infinity":19,"s:53:8:54:Infinity":20,"f:53:8:53:24":3,"s:53:40:54:Infinity":21,"b:54:5:54:24:54:24:54:30":6,"b:54:30:54:49:54:49:54:Infinity":7,"s:55:29:55:Infinity":22,"s:56:15:56:Infinity":23,"s:57:8:63:Infinity":24,"f:57:8:57:17":4,"b:58:4:58:Infinity:undefined:undefined:undefined:undefined":8,"s:58:4:58:Infinity":25,"s:58:24:58:Infinity":26,"s:59:4:59:Infinity":27,"s:60:4:60:Infinity":28,"s:61:17:61:Infinity":29,"b:62:4:62:Infinity:undefined:undefined:undefined:undefined":9,"s:62:4:62:Infinity":30,"s:62:14:62:Infinity":31,"s:62:60:62:Infinity":32,"s:64:2:64:Infinity":33,"s:64:55:64:Infinity":34,"s:65:2:65:Infinity":35,"s:65:54:65:Infinity":36,"s:68:2:68:Infinity":37,"b:68:24:68:Infinity:undefined:undefined:undefined:undefined":10,"s:68:24:68:Infinity":38,"s:68:45:68:Infinity":39,"s:69:2:69:Infinity":40,"f:69:13:69:18":5,"s:69:28:69:45":41},"fnNames":{}}}
,"/home/user/abcp-sdk/webui/src/lib/messages.svelte.ts": {"path":"/home/user/abcp-sdk/webui/src/lib/messages.svelte.ts","statementMap":{"0":{"start":{"line":20,"column":2},"end":{"line":42,"column":null}},"1":{"start":{"line":20,"column":22},"end":{"line":42,"column":null}},"2":{"start":{"line":28,"column":23},"end":{"line":42,"column":null}},"3":{"start":{"line":55,"column":2},"end":{"line":55,"column":null}},"4":{"start":{"line":56,"column":19},"end":{"line":56,"column":24}},"5":{"start":{"line":57,"column":19},"end":{"line":57,"column":24}},"6":{"start":{"line":58,"column":19},"end":{"line":58,"column":24}},"7":{"start":{"line":63,"column":26},"end":{"line":63,"column":27}},"8":{"start":{"line":66,"column":20},"end":{"line":66,"column":21}},"9":{"start":{"line":68,"column":24},"end":{"line":68,"column":null}},"10":{"start":{"line":69,"column":27},"end":{"line":69,"column":null}},"11":{"start":{"line":71,"column":48},"end":{"line":71,"column":null}},"12":{"start":{"line":75,"column":10},"end":{"line":75,"column":null}},"13":{"start":{"line":76,"column":20},"end":{"line":76,"column":null}},"14":{"start":{"line":77,"column":10},"end":{"line":77,"column":null}},"15":{"start":{"line":79,"column":65},"end":{"line":79,"column":null}},"16":{"start":{"line":80,"column":29},"end":{"line":80,"column":null}},"17":{"start":{"line":81,"column":34},"end":{"line":81,"column":null}},"18":{"start":{"line":83,"column":21},"end":{"line":83,"column":null}},"19":{"start":{"line":84,"column":39},"end":{"line":84,"column":null}},"20":{"start":{"line":85,"column":24},"end":{"line":85,"column":null}},"21":{"start":{"line":89,"column":39},"end":{"line":89,"column":null}},"22":{"start":{"line":93,"column":24},"end":{"line":93,"column":29}},"23":{"start":{"line":95,"column":33},"end":{"line":95,"column":null}},"24":{"start":{"line":96,"column":37},"end":{"line":96,"column":null}},"25":{"start":{"line":97,"column":36},"end":{"line":97,"column":null}},"26":{"start":{"line":98,"column":36},"end":{"line":98,"column":null}},"27":{"start":{"line":108,"column":35},"end":{"line":108,"column":null}},"28":{"start":{"line":109,"column":34},"end":{"line":109,"column":null}},"29":{"start":{"line":111,"column":36},"end":{"line":111,"column":null}},"30":{"start":{"line":113,"column":49},"end":{"line":113,"column":null}},"31":{"start":{"line":114,"column":66},"end":{"line":114,"column":null}},"32":{"start":{"line":115,"column":65},"end":{"line":115,"column":null}},"33":{"start":{"line":116,"column":25},"end":{"line":116,"column":null}},"34":{"start":{"line":118,"column":30},"end":{"line":118,"column":null}},"35":{"start":{"line":119,"column":27},"end":{"line":119,"column":null}},"36":{"start":{"line":120,"column":20},"end":{"line":120,"column":null}},"37":{"start":{"line":122,"column":10},"end":{"line":122,"column":null}},"38":{"start":{"line":122,"column":27},"end":{"line":122,"column":null}},"39":{"start":{"line":130,"column":4},"end":{"line":130,"column":null}},"40":{"start":{"line":131,"column":4},"end":{"line":131,"column":null}},"41":{"start":{"line":132,"column":4},"end":{"line":132,"column":null}},"42":{"start":{"line":133,"column":4},"end":{"line":133,"column":null}},"43":{"start":{"line":133,"column":26},"end":{"line":133,"column":null}},"44":{"start":{"line":137,"column":4},"end":{"line":137,"column":null}},"45":{"start":{"line":141,"column":4},"end":{"line":141,"column":null}},"46":{"start":{"line":142,"column":4},"end":{"line":144,"column":null}},"47":{"start":{"line":143,"column":6},"end":{"line":143,"column":null}},"48":{"start":{"line":143,"column":64},"end":{"line":143,"column":72}},"49":{"start":{"line":148,"column":4},"end":{"line":148,"column":null}},"50":{"start":{"line":152,"column":4},"end":{"line":152,"column":null}},"51":{"start":{"line":157,"column":4},"end":{"line":158,"column":null}},"52":{"start":{"line":158,"column":11},"end":{"line":158,"column":null}},"53":{"start":{"line":163,"column":8},"end":{"line":163,"column":null}},"54":{"start":{"line":164,"column":4},"end":{"line":167,"column":null}},"55":{"start":{"line":165,"column":6},"end":{"line":166,"column":null}},"56":{"start":{"line":166,"column":8},"end":{"line":166,"column":null}},"57":{"start":{"line":168,"column":4},"end":{"line":168,"column":null}},"58":{"start":{"line":168,"column":21},"end":{"line":168,"column":null}},"59":{"start":{"line":172,"column":4},"end":{"line":172,"column":null}},"60":{"start":{"line":173,"column":16},"end":{"line":173,"column":null}},"61":{"start":{"line":174,"column":4},"end":{"line":174,"column":null}},"62":{"start":{"line":174,"column":14},"end":{"line":174,"column":null}},"63":{"start":{"line":175,"column":9},"end":{"line":175,"column":null}},"64":{"start":{"line":179,"column":4},"end":{"line":179,"column":null}},"65":{"start":{"line":180,"column":4},"end":{"line":180,"column":null}},"66":{"start":{"line":181,"column":4},"end":{"line":181,"column":null}},"67":{"start":{"line":182,"column":4},"end":{"line":182,"column":null}},"68":{"start":{"line":183,"column":9},"end":{"line":183,"column":null}},"69":{"start":{"line":189,"column":16},"end":{"line":189,"column":null}},"70":{"start":{"line":190,"column":4},"end":{"line":193,"column":null}},"71":{"start":{"line":191,"column":6},"end":{"line":191,"column":null}},"72":{"start":{"line":192,"column":6},"end":{"line":192,"column":null}},"73":{"start":{"line":194,"column":4},"end":{"line":201,"column":null}},"74":{"start":{"line":197,"column":26},"end":{"line":197,"column":null}},"75":{"start":{"line":198,"column":6},"end":{"line":198,"column":null}},"76":{"start":{"line":198,"column":48},"end":{"line":198,"column":71}},"77":{"start":{"line":215,"column":20},"end":{"line":215,"column":null}},"78":{"start":{"line":216,"column":4},"end":{"line":216,"column":null}},"79":{"start":{"line":216,"column":41},"end":{"line":216,"column":null}},"80":{"start":{"line":217,"column":18},"end":{"line":217,"column":null}},"81":{"start":{"line":217,"column":39},"end":{"line":217,"column":45}},"82":{"start":{"line":218,"column":4},"end":{"line":218,"column":null}},"83":{"start":{"line":219,"column":4},"end":{"line":219,"column":null}},"84":{"start":{"line":220,"column":4},"end":{"line":230,"column":null}},"85":{"start":{"line":222,"column":6},"end":{"line":222,"column":null}},"86":{"start":{"line":223,"column":6},"end":{"line":223,"column":null}},"87":{"start":{"line":224,"column":6},"end":{"line":224,"column":null}},"88":{"start":{"line":226,"column":6},"end":{"line":226,"column":null}},"89":{"start":{"line":227,"column":6},"end":{"line":227,"column":null}},"90":{"start":{"line":228,"column":6},"end":{"line":228,"column":null}},"91":{"start":{"line":229,"column":6},"end":{"line":229,"column":null}},"92":{"start":{"line":234,"column":14},"end":{"line":234,"column":null}},"93":{"start":{"line":235,"column":4},"end":{"line":235,"column":null}},"94":{"start":{"line":235,"column":12},"end":{"line":235,"column":null}},"95":{"start":{"line":236,"column":4},"end":{"line":248,"column":null}},"96":{"start":{"line":237,"column":21},"end":{"line":237,"column":null}},"97":{"start":{"line":239,"column":6},"end":{"line":239,"column":null}},"98":{"start":{"line":240,"column":6},"end":{"line":240,"column":null}},"99":{"start":{"line":241,"column":6},"end":{"line":245,"column":null}},"100":{"start":{"line":242,"column":8},"end":{"line":242,"column":null}},"101":{"start":{"line":243,"column":8},"end":{"line":243,"column":null}},"102":{"start":{"line":244,"column":8},"end":{"line":244,"column":null}},"103":{"start":{"line":253,"column":14},"end":{"line":253,"column":null}},"104":{"start":{"line":254,"column":4},"end":{"line":254,"column":null}},"105":{"start":{"line":255,"column":4},"end":{"line":255,"column":null}},"106":{"start":{"line":256,"column":4},"end":{"line":277,"column":null}},"107":{"start":{"line":258,"column":8},"end":{"line":261,"column":null}},"108":{"start":{"line":262,"column":6},"end":{"line":274,"column":null}},"109":{"start":{"line":263,"column":18},"end":{"line":263,"column":null}},"110":{"start":{"line":264,"column":8},"end":{"line":271,"column":null}},"111":{"start":{"line":265,"column":10},"end":{"line":265,"column":null}},"112":{"start":{"line":266,"column":15},"end":{"line":271,"column":null}},"113":{"start":{"line":267,"column":10},"end":{"line":267,"column":null}},"114":{"start":{"line":269,"column":10},"end":{"line":269,"column":null}},"115":{"start":{"line":270,"column":10},"end":{"line":270,"column":null}},"116":{"start":{"line":273,"column":8},"end":{"line":273,"column":null}},"117":{"start":{"line":278,"column":4},"end":{"line":278,"column":null}},"118":{"start":{"line":279,"column":4},"end":{"line":279,"column":null}},"119":{"start":{"line":284,"column":4},"end":{"line":301,"column":null}},"120":{"start":{"line":285,"column":27},"end":{"line":285,"column":null}},"121":{"start":{"line":286,"column":19},"end":{"line":286,"column":null}},"122":{"start":{"line":287,"column":6},"end":{"line":287,"column":null}},"123":{"start":{"line":288,"column":6},"end":{"line":288,"column":null}},"124":{"start":{"line":289,"column":6},"end":{"line":289,"column":null}},"125":{"start":{"line":290,"column":16},"end":{"line":290,"column":null}},"126":{"start":{"line":291,"column":6},"end":{"line":298,"column":null}},"127":{"start":{"line":292,"column":8},"end":{"line":292,"column":null}},"128":{"start":{"line":293,"column":8},"end":{"line":295,"column":null}},"129":{"start":{"line":297,"column":8},"end":{"line":297,"column":null}},"130":{"start":{"line":309,"column":17},"end":{"line":309,"column":null}},"131":{"start":{"line":314,"column":6},"end":{"line":314,"column":null}},"132":{"start":{"line":314,"column":30},"end":{"line":314,"column":68}},"133":{"start":{"line":315,"column":17},"end":{"line":315,"column":null}},"134":{"start":{"line":316,"column":4},"end":{"line":319,"column":null}},"135":{"start":{"line":317,"column":6},"end":{"line":317,"column":null}},"136":{"start":{"line":317,"column":21},"end":{"line":317,"column":null}},"137":{"start":{"line":318,"column":6},"end":{"line":318,"column":null}},"138":{"start":{"line":320,"column":4},"end":{"line":320,"column":null}},"139":{"start":{"line":320,"column":26},"end":{"line":320,"column":null}},"140":{"start":{"line":321,"column":4},"end":{"line":322,"column":null}},"141":{"start":{"line":322,"column":6},"end":{"line":322,"column":null}},"142":{"start":{"line":323,"column":4},"end":{"line":323,"column":null}},"143":{"start":{"line":323,"column":38},"end":{"line":323,"column":null}},"144":{"start":{"line":326,"column":4},"end":{"line":329,"column":null}},"145":{"start":{"line":327,"column":16},"end":{"line":327,"column":null}},"146":{"start":{"line":328,"column":6},"end":{"line":328,"column":null}},"147":{"start":{"line":328,"column":22},"end":{"line":328,"column":null}},"148":{"start":{"line":330,"column":4},"end":{"line":330,"column":null}},"149":{"start":{"line":331,"column":4},"end":{"line":331,"column":null}},"150":{"start":{"line":332,"column":4},"end":{"line":332,"column":null}},"151":{"start":{"line":337,"column":4},"end":{"line":337,"column":null}},"152":{"start":{"line":338,"column":4},"end":{"line":338,"column":null}},"153":{"start":{"line":342,"column":4},"end":{"line":342,"column":null}},"154":{"start":{"line":343,"column":4},"end":{"line":343,"column":null}},"155":{"start":{"line":344,"column":4},"end":{"line":361,"column":null}},"156":{"start":{"line":345,"column":18},"end":{"line":345,"column":null}},"157":{"start":{"line":346,"column":27},"end":{"line":346,"column":null}},"158":{"start":{"line":347,"column":19},"end":{"line":347,"column":null}},"159":{"start":{"line":348,"column":6},"end":{"line":356,"column":null}},"160":{"start":{"line":349,"column":25},"end":{"line":349,"column":null}},"161":{"start":{"line":349,"column":56},"end":{"line":349,"column":60}},"162":{"start":{"line":350,"column":8},"end":{"line":353,"column":null}},"163":{"start":{"line":351,"column":25},"end":{"line":351,"column":null}},"164":{"start":{"line":355,"column":8},"end":{"line":355,"column":null}},"165":{"start":{"line":357,"column":6},"end":{"line":357,"column":null}},"166":{"start":{"line":358,"column":6},"end":{"line":358,"column":null}},"167":{"start":{"line":362,"column":4},"end":{"line":362,"column":null}},"168":{"start":{"line":363,"column":4},"end":{"line":363,"column":null}},"169":{"start":{"line":364,"column":14},"end":{"line":364,"column":null}},"170":{"start":{"line":365,"column":4},"end":{"line":376,"column":null}},"171":{"start":{"line":366,"column":6},"end":{"line":375,"column":null}},"172":{"start":{"line":367,"column":8},"end":{"line":371,"column":null}},"173":{"start":{"line":372,"column":8},"end":{"line":372,"column":null}},"174":{"start":{"line":383,"column":4},"end":{"line":391,"column":null}},"175":{"start":{"line":384,"column":23},"end":{"line":384,"column":null}},"176":{"start":{"line":385,"column":6},"end":{"line":388,"column":null}},"177":{"start":{"line":386,"column":8},"end":{"line":386,"column":null}},"178":{"start":{"line":387,"column":8},"end":{"line":387,"column":null}},"179":{"start":{"line":395,"column":4},"end":{"line":395,"column":null}},"180":{"start":{"line":396,"column":4},"end":{"line":396,"column":null}},"181":{"start":{"line":397,"column":4},"end":{"line":397,"column":null}},"182":{"start":{"line":398,"column":15},"end":{"line":398,"column":null}},"183":{"start":{"line":399,"column":4},"end":{"line":399,"column":null}},"184":{"start":{"line":400,"column":4},"end":{"line":400,"column":null}},"185":{"start":{"line":401,"column":4},"end":{"line":401,"column":null}},"186":{"start":{"line":402,"column":4},"end":{"line":402,"column":null}},"187":{"start":{"line":403,"column":4},"end":{"line":403,"column":null}},"188":{"start":{"line":406,"column":4},"end":{"line":406,"column":null}},"189":{"start":{"line":407,"column":4},"end":{"line":407,"column":null}},"190":{"start":{"line":408,"column":4},"end":{"line":408,"column":null}},"191":{"start":{"line":409,"column":4},"end":{"line":409,"column":null}},"192":{"start":{"line":410,"column":10},"end":{"line":425,"column":null}},"193":{"start":{"line":411,"column":6},"end":{"line":424,"column":null}},"194":{"start":{"line":412,"column":8},"end":{"line":420,"column":null}},"195":{"start":{"line":417,"column":10},"end":{"line":417,"column":null}},"196":{"start":{"line":417,"column":33},"end":{"line":417,"column":null}},"197":{"start":{"line":418,"column":10},"end":{"line":418,"column":null}},"198":{"start":{"line":419,"column":10},"end":{"line":419,"column":null}},"199":{"start":{"line":421,"column":8},"end":{"line":421,"column":null}},"200":{"start":{"line":423,"column":8},"end":{"line":423,"column":null}},"201":{"start":{"line":423,"column":32},"end":{"line":423,"column":null}},"202":{"start":{"line":426,"column":4},"end":{"line":426,"column":null}},"203":{"start":{"line":427,"column":4},"end":{"line":427,"column":null}},"204":{"start":{"line":444,"column":4},"end":{"line":444,"column":null}},"205":{"start":{"line":445,"column":4},"end":{"line":455,"column":null}},"206":{"start":{"line":446,"column":6},"end":{"line":446,"column":null}},"207":{"start":{"line":446,"column":25},"end":{"line":446,"column":null}},"208":{"start":{"line":447,"column":6},"end":{"line":451,"column":null}},"209":{"start":{"line":451,"column":8},"end":{"line":451,"column":null}},"210":{"start":{"line":452,"column":18},"end":{"line":452,"column":null}},"211":{"start":{"line":453,"column":6},"end":{"line":453,"column":null}},"212":{"start":{"line":453,"column":47},"end":{"line":453,"column":null}},"213":{"start":{"line":454,"column":11},"end":{"line":454,"column":null}},"214":{"start":{"line":473,"column":4},"end":{"line":473,"column":null}},"215":{"start":{"line":473,"column":22},"end":{"line":473,"column":null}},"216":{"start":{"line":474,"column":4},"end":{"line":474,"column":null}},"217":{"start":{"line":475,"column":4},"end":{"line":516,"column":null}},"218":{"start":{"line":476,"column":20},"end":{"line":486,"column":null}},"219":{"start":{"line":480,"column":12},"end":{"line":482,"column":null}},"220":{"start":{"line":484,"column":23},"end":{"line":484,"column":38}},"221":{"start":{"line":486,"column":10},"end":{"line":486,"column":null}},"222":{"start":{"line":486,"column":27},"end":{"line":486,"column":41}},"223":{"start":{"line":490,"column":6},"end":{"line":494,"column":null}},"224":{"start":{"line":494,"column":8},"end":{"line":494,"column":null}},"225":{"start":{"line":495,"column":6},"end":{"line":495,"column":null}},"226":{"start":{"line":495,"column":39},"end":{"line":495,"column":null}},"227":{"start":{"line":496,"column":6},"end":{"line":500,"column":null}},"228":{"start":{"line":497,"column":8},"end":{"line":497,"column":null}},"229":{"start":{"line":498,"column":13},"end":{"line":498,"column":null}},"230":{"start":{"line":499,"column":8},"end":{"line":499,"column":null}},"231":{"start":{"line":501,"column":18},"end":{"line":501,"column":null}},"232":{"start":{"line":502,"column":6},"end":{"line":508,"column":null}},"233":{"start":{"line":507,"column":8},"end":{"line":507,"column":null}},"234":{"start":{"line":509,"column":6},"end":{"line":509,"column":null}},"235":{"start":{"line":510,"column":6},"end":{"line":510,"column":null}},"236":{"start":{"line":511,"column":6},"end":{"line":511,"column":null}},"237":{"start":{"line":512,"column":6},"end":{"line":512,"column":null}},"238":{"start":{"line":513,"column":6},"end":{"line":513,"column":null}},"239":{"start":{"line":515,"column":6},"end":{"line":515,"column":null}},"240":{"start":{"line":524,"column":4},"end":{"line":528,"column":null}},"241":{"start":{"line":525,"column":17},"end":{"line":525,"column":null}},"242":{"start":{"line":526,"column":6},"end":{"line":526,"column":null}},"243":{"start":{"line":526,"column":43},"end":{"line":526,"column":null}},"244":{"start":{"line":527,"column":6},"end":{"line":527,"column":null}},"245":{"start":{"line":529,"column":4},"end":{"line":529,"column":null}},"246":{"start":{"line":533,"column":4},"end":{"line":533,"column":null}},"247":{"start":{"line":533,"column":52},"end":{"line":533,"column":null}},"248":{"start":{"line":534,"column":4},"end":{"line":534,"column":null}},"249":{"start":{"line":535,"column":4},"end":{"line":535,"column":null}},"250":{"start":{"line":535,"column":37},"end":{"line":535,"column":null}},"251":{"start":{"line":536,"column":4},"end":{"line":536,"column":null}},"252":{"start":{"line":536,"column":67},"end":{"line":536,"column":null}},"253":{"start":{"line":537,"column":18},"end":{"line":540,"column":null}},"254":{"start":{"line":541,"column":4},"end":{"line":541,"column":null}},"255":{"start":{"line":542,"column":4},"end":{"line":542,"column":null}},"256":{"start":{"line":542,"column":43},"end":{"line":542,"column":62}},"257":{"start":{"line":546,"column":4},"end":{"line":546,"column":null}},"258":{"start":{"line":547,"column":4},"end":{"line":566,"column":null}},"259":{"start":{"line":548,"column":6},"end":{"line":549,"column":null}},"260":{"start":{"line":549,"column":8},"end":{"line":549,"column":null}},"261":{"start":{"line":550,"column":6},"end":{"line":565,"column":null}},"262":{"start":{"line":553,"column":10},"end":{"line":563,"column":null}},"263":{"start":{"line":554,"column":12},"end":{"line":557,"column":null}},"264":{"start":{"line":555,"column":14},"end":{"line":555,"column":null}},"265":{"start":{"line":556,"column":14},"end":{"line":556,"column":null}},"266":{"start":{"line":561,"column":12},"end":{"line":561,"column":null}},"267":{"start":{"line":562,"column":17},"end":{"line":562,"column":null}},"268":{"start":{"line":571,"column":4},"end":{"line":571,"column":null}},"269":{"start":{"line":571,"column":23},"end":{"line":571,"column":null}},"270":{"start":{"line":572,"column":4},"end":{"line":572,"column":null}},"271":{"start":{"line":576,"column":4},"end":{"line":576,"column":null}},"272":{"start":{"line":578,"column":4},"end":{"line":582,"column":null}},"273":{"start":{"line":579,"column":6},"end":{"line":579,"column":null}},"274":{"start":{"line":579,"column":37},"end":{"line":579,"column":null}},"275":{"start":{"line":580,"column":6},"end":{"line":580,"column":null}},"276":{"start":{"line":581,"column":6},"end":{"line":581,"column":null}},"277":{"start":{"line":581,"column":38},"end":{"line":581,"column":null}},"278":{"start":{"line":584,"column":4},"end":{"line":587,"column":null}},"279":{"start":{"line":585,"column":6},"end":{"line":585,"column":null}},"280":{"start":{"line":586,"column":6},"end":{"line":586,"column":null}},"281":{"start":{"line":588,"column":16},"end":{"line":588,"column":null}},"282":{"start":{"line":589,"column":4},"end":{"line":592,"column":null}},"283":{"start":{"line":590,"column":6},"end":{"line":590,"column":null}},"284":{"start":{"line":590,"column":36},"end":{"line":590,"column":null}},"285":{"start":{"line":591,"column":6},"end":{"line":591,"column":null}},"286":{"start":{"line":593,"column":4},"end":{"line":599,"column":null}},"287":{"start":{"line":594,"column":6},"end":{"line":598,"column":null}},"288":{"start":{"line":595,"column":8},"end":{"line":595,"column":null}},"289":{"start":{"line":600,"column":30},"end":{"line":600,"column":null}},"290":{"start":{"line":604,"column":10},"end":{"line":607,"column":null}},"291":{"start":{"line":605,"column":17},"end":{"line":605,"column":null}},"292":{"start":{"line":606,"column":6},"end":{"line":606,"column":null}},"293":{"start":{"line":608,"column":4},"end":{"line":853,"column":null}},"294":{"start":{"line":613,"column":20},"end":{"line":613,"column":null}},"295":{"start":{"line":614,"column":8},"end":{"line":614,"column":null}},"296":{"start":{"line":614,"column":25},"end":{"line":614,"column":null}},"297":{"start":{"line":615,"column":8},"end":{"line":615,"column":null}},"298":{"start":{"line":616,"column":8},"end":{"line":626,"column":null}},"299":{"start":{"line":617,"column":10},"end":{"line":617,"column":null}},"300":{"start":{"line":618,"column":15},"end":{"line":626,"column":null}},"301":{"start":{"line":619,"column":10},"end":{"line":619,"column":null}},"302":{"start":{"line":620,"column":15},"end":{"line":626,"column":null}},"303":{"start":{"line":621,"column":10},"end":{"line":625,"column":null}},"304":{"start":{"line":627,"column":8},"end":{"line":627,"column":null}},"305":{"start":{"line":630,"column":8},"end":{"line":635,"column":null}},"306":{"start":{"line":631,"column":10},"end":{"line":633,"column":null}},"307":{"start":{"line":636,"column":8},"end":{"line":636,"column":null}},"308":{"start":{"line":639,"column":8},"end":{"line":649,"column":null}},"309":{"start":{"line":640,"column":22},"end":{"line":640,"column":null}},"310":{"start":{"line":641,"column":10},"end":{"line":641,"column":null}},"311":{"start":{"line":641,"column":27},"end":{"line":641,"column":null}},"312":{"start":{"line":642,"column":10},"end":{"line":642,"column":null}},"313":{"start":{"line":643,"column":10},"end":{"line":648,"column":null}},"314":{"start":{"line":650,"column":8},"end":{"line":650,"column":null}},"315":{"start":{"line":652,"column":8},"end":{"line":662,"column":null}},"316":{"start":{"line":653,"column":22},"end":{"line":653,"column":null}},"317":{"start":{"line":654,"column":10},"end":{"line":654,"column":null}},"318":{"start":{"line":654,"column":27},"end":{"line":654,"column":null}},"319":{"start":{"line":655,"column":10},"end":{"line":655,"column":null}},"320":{"start":{"line":656,"column":10},"end":{"line":661,"column":null}},"321":{"start":{"line":663,"column":8},"end":{"line":663,"column":null}},"322":{"start":{"line":665,"column":20},"end":{"line":665,"column":null}},"323":{"start":{"line":666,"column":8},"end":{"line":666,"column":null}},"324":{"start":{"line":666,"column":25},"end":{"line":666,"column":null}},"325":{"start":{"line":667,"column":8},"end":{"line":667,"column":null}},"326":{"start":{"line":668,"column":22},"end":{"line":668,"column":null}},"327":{"start":{"line":671,"column":8},"end":{"line":678,"column":null}},"328":{"start":{"line":672,"column":10},"end":{"line":676,"column":null}},"329":{"start":{"line":679,"column":8},"end":{"line":679,"column":null}},"330":{"start":{"line":682,"column":22},"end":{"line":682,"column":null}},"331":{"start":{"line":685,"column":8},"end":{"line":685,"column":null}},"332":{"start":{"line":685,"column":26},"end":{"line":685,"column":null}},"333":{"start":{"line":686,"column":8},"end":{"line":695,"column":null}},"334":{"start":{"line":698,"column":8},"end":{"line":698,"column":null}},"335":{"start":{"line":701,"column":22},"end":{"line":701,"column":null}},"336":{"start":{"line":704,"column":23},"end":{"line":704,"column":null}},"337":{"start":{"line":705,"column":14},"end":{"line":712,"column":null}},"338":{"start":{"line":714,"column":8},"end":{"line":715,"column":null}},"339":{"start":{"line":715,"column":10},"end":{"line":715,"column":null}},"340":{"start":{"line":716,"column":8},"end":{"line":716,"column":null}},"341":{"start":{"line":719,"column":22},"end":{"line":719,"column":null}},"342":{"start":{"line":722,"column":8},"end":{"line":723,"column":null}},"343":{"start":{"line":723,"column":10},"end":{"line":723,"column":null}},"344":{"start":{"line":724,"column":8},"end":{"line":724,"column":null}},"345":{"start":{"line":732,"column":21},"end":{"line":732,"column":null}},"346":{"start":{"line":733,"column":8},"end":{"line":733,"column":null}},"347":{"start":{"line":733,"column":41},"end":{"line":733,"column":null}},"348":{"start":{"line":734,"column":20},"end":{"line":734,"column":null}},"349":{"start":{"line":735,"column":8},"end":{"line":735,"column":null}},"350":{"start":{"line":735,"column":25},"end":{"line":735,"column":null}},"351":{"start":{"line":736,"column":8},"end":{"line":736,"column":null}},"352":{"start":{"line":737,"column":14},"end":{"line":737,"column":null}},"353":{"start":{"line":738,"column":25},"end":{"line":740,"column":null}},"354":{"start":{"line":739,"column":21},"end":{"line":739,"column":33}},"355":{"start":{"line":740,"column":28},"end":{"line":740,"column":43}},"356":{"start":{"line":741,"column":8},"end":{"line":772,"column":null}},"357":{"start":{"line":742,"column":10},"end":{"line":768,"column":null}},"358":{"start":{"line":742,"column":27},"end":{"line":768,"column":null}},"359":{"start":{"line":773,"column":8},"end":{"line":773,"column":null}},"360":{"start":{"line":776,"column":8},"end":{"line":776,"column":null}},"361":{"start":{"line":777,"column":13},"end":{"line":777,"column":null}},"362":{"start":{"line":778,"column":8},"end":{"line":778,"column":null}},"363":{"start":{"line":785,"column":14},"end":{"line":786,"column":null}},"364":{"start":{"line":787,"column":14},"end":{"line":788,"column":null}},"365":{"start":{"line":789,"column":14},"end":{"line":790,"column":null}},"366":{"start":{"line":791,"column":26},"end":{"line":791,"column":null}},"367":{"start":{"line":792,"column":8},"end":{"line":812,"column":null}},"368":{"start":{"line":793,"column":10},"end":{"line":811,"column":null}},"369":{"start":{"line":796,"column":31},"end":{"line":796,"column":null}},"370":{"start":{"line":797,"column":12},"end":{"line":803,"column":null}},"371":{"start":{"line":798,"column":14},"end":{"line":802,"column":null}},"372":{"start":{"line":799,"column":16},"end":{"line":801,"column":null}},"373":{"start":{"line":804,"column":12},"end":{"line":804,"column":null}},"374":{"start":{"line":805,"column":12},"end":{"line":805,"column":null}},"375":{"start":{"line":806,"column":17},"end":{"line":811,"column":null}},"376":{"start":{"line":810,"column":12},"end":{"line":810,"column":null}},"377":{"start":{"line":813,"column":8},"end":{"line":813,"column":null}},"378":{"start":{"line":814,"column":13},"end":{"line":814,"column":null}},"379":{"start":{"line":816,"column":13},"end":{"line":816,"column":null}},"380":{"start":{"line":817,"column":8},"end":{"line":817,"column":null}},"381":{"start":{"line":820,"column":8},"end":{"line":820,"column":null}},"382":{"start":{"line":821,"column":8},"end":{"line":821,"column":null}},"383":{"start":{"line":822,"column":8},"end":{"line":822,"column":null}},"384":{"start":{"line":823,"column":13},"end":{"line":823,"column":null}},"385":{"start":{"line":824,"column":8},"end":{"line":824,"column":null}},"386":{"start":{"line":826,"column":22},"end":{"line":826,"column":null}},"387":{"start":{"line":827,"column":8},"end":{"line":832,"column":null}},"388":{"start":{"line":828,"column":10},"end":{"line":828,"column":null}},"389":{"start":{"line":829,"column":10},"end":{"line":829,"column":null}},"390":{"start":{"line":831,"column":10},"end":{"line":831,"column":null}},"391":{"start":{"line":833,"column":8},"end":{"line":833,"column":null}},"392":{"start":{"line":837,"column":23},"end":{"line":837,"column":null}},"393":{"start":{"line":838,"column":14},"end":{"line":845,"column":null}},"394":{"start":{"line":847,"column":8},"end":{"line":847,"column":null}},"395":{"start":{"line":848,"column":8},"end":{"line":848,"column":null}},"396":{"start":{"line":849,"column":8},"end":{"line":849,"column":null}},"397":{"start":{"line":850,"column":8},"end":{"line":850,"column":null}},"398":{"start":{"line":853,"column":8},"end":{"line":853,"column":null}},"399":{"start":{"line":863,"column":21},"end":{"line":863,"column":null}},"400":{"start":{"line":863,"column":45},"end":{"line":863,"column":56}},"401":{"start":{"line":864,"column":4},"end":{"line":872,"column":null}},"402":{"start":{"line":865,"column":6},"end":{"line":865,"column":null}},"403":{"start":{"line":865,"column":29},"end":{"line":865,"column":null}},"404":{"start":{"line":866,"column":6},"end":{"line":866,"column":null}},"405":{"start":{"line":866,"column":43},"end":{"line":866,"column":null}},"406":{"start":{"line":868,"column":6},"end":{"line":870,"column":null}},"407":{"start":{"line":869,"column":8},"end":{"line":869,"column":null}},"408":{"start":{"line":871,"column":6},"end":{"line":871,"column":null}},"409":{"start":{"line":873,"column":4},"end":{"line":873,"column":null}},"410":{"start":{"line":874,"column":4},"end":{"line":884,"column":null}},"411":{"start":{"line":887,"column":4},"end":{"line":887,"column":null}},"412":{"start":{"line":893,"column":4},"end":{"line":893,"column":null}},"413":{"start":{"line":893,"column":32},"end":{"line":893,"column":43}},"414":{"start":{"line":893,"column":46},"end":{"line":893,"column":null}},"415":{"start":{"line":894,"column":4},"end":{"line":904,"column":null}},"416":{"start":{"line":910,"column":16},"end":{"line":910,"column":null}},"417":{"start":{"line":910,"column":45},"end":{"line":910,"column":56}},"418":{"start":{"line":911,"column":4},"end":{"line":911,"column":null}},"419":{"start":{"line":911,"column":17},"end":{"line":911,"column":null}},"420":{"start":{"line":912,"column":4},"end":{"line":912,"column":null}},"421":{"start":{"line":913,"column":4},"end":{"line":913,"column":null}},"422":{"start":{"line":917,"column":4},"end":{"line":922,"column":null}},"423":{"start":{"line":918,"column":6},"end":{"line":922,"column":null}},"424":{"start":{"line":918,"column":24},"end":{"line":918,"column":39}},"425":{"start":{"line":933,"column":4},"end":{"line":947,"column":null}},"426":{"start":{"line":934,"column":19},"end":{"line":934,"column":null}},"427":{"start":{"line":934,"column":42},"end":{"line":934,"column":57}},"428":{"start":{"line":935,"column":12},"end":{"line":935,"column":null}},"429":{"start":{"line":936,"column":6},"end":{"line":945,"column":null}},"430":{"start":{"line":937,"column":8},"end":{"line":937,"column":null}},"431":{"start":{"line":939,"column":8},"end":{"line":943,"column":null}},"432":{"start":{"line":946,"column":6},"end":{"line":946,"column":null}},"433":{"start":{"line":952,"column":4},"end":{"line":963,"column":null}},"434":{"start":{"line":953,"column":6},"end":{"line":953,"column":null}},"435":{"start":{"line":953,"column":28},"end":{"line":953,"column":43}},"436":{"start":{"line":953,"column":46},"end":{"line":953,"column":null}},"437":{"start":{"line":954,"column":12},"end":{"line":954,"column":null}},"438":{"start":{"line":955,"column":12},"end":{"line":960,"column":null}},"439":{"start":{"line":962,"column":6},"end":{"line":962,"column":null}},"440":{"start":{"line":968,"column":16},"end":{"line":968,"column":null}},"441":{"start":{"line":969,"column":4},"end":{"line":969,"column":null}},"442":{"start":{"line":969,"column":14},"end":{"line":969,"column":null}},"443":{"start":{"line":970,"column":4},"end":{"line":980,"column":null}},"444":{"start":{"line":971,"column":20},"end":{"line":978,"column":null}},"445":{"start":{"line":972,"column":8},"end":{"line":972,"column":null}},"446":{"start":{"line":972,"column":29},"end":{"line":972,"column":null}},"447":{"start":{"line":973,"column":31},"end":{"line":973,"column":null}},"448":{"start":{"line":974,"column":8},"end":{"line":976,"column":null}},"449":{"start":{"line":979,"column":6},"end":{"line":979,"column":null}},"450":{"start":{"line":990,"column":6},"end":{"line":992,"column":null}},"451":{"start":{"line":993,"column":10},"end":{"line":993,"column":null}},"452":{"start":{"line":994,"column":4},"end":{"line":1007,"column":null}},"453":{"start":{"line":995,"column":19},"end":{"line":995,"column":null}},"454":{"start":{"line":995,"column":42},"end":{"line":995,"column":57}},"455":{"start":{"line":996,"column":12},"end":{"line":996,"column":null}},"456":{"start":{"line":997,"column":12},"end":{"line":1002,"column":null}},"457":{"start":{"line":1004,"column":6},"end":{"line":1005,"column":null}},"458":{"start":{"line":1004,"column":21},"end":{"line":1004,"column":null}},"459":{"start":{"line":1005,"column":11},"end":{"line":1005,"column":null}},"460":{"start":{"line":1006,"column":6},"end":{"line":1006,"column":null}},"461":{"start":{"line":1022,"column":16},"end":{"line":1022,"column":null}},"462":{"start":{"line":1023,"column":4},"end":{"line":1023,"column":null}},"463":{"start":{"line":1023,"column":14},"end":{"line":1023,"column":null}},"464":{"start":{"line":1024,"column":4},"end":{"line":1051,"column":null}},"465":{"start":{"line":1025,"column":20},"end":{"line":1049,"column":null}},"466":{"start":{"line":1026,"column":8},"end":{"line":1026,"column":null}},"467":{"start":{"line":1026,"column":29},"end":{"line":1026,"column":null}},"468":{"start":{"line":1027,"column":20},"end":{"line":1027,"column":null}},"469":{"start":{"line":1028,"column":14},"end":{"line":1033,"column":null}},"470":{"start":{"line":1034,"column":8},"end":{"line":1046,"column":null}},"471":{"start":{"line":1050,"column":6},"end":{"line":1050,"column":null}},"472":{"start":{"line":1055,"column":4},"end":{"line":1057,"column":null}},"473":{"start":{"line":1056,"column":6},"end":{"line":1056,"column":null}},"474":{"start":{"line":1058,"column":4},"end":{"line":1058,"column":null}},"475":{"start":{"line":1059,"column":4},"end":{"line":1059,"column":null}},"476":{"start":{"line":1060,"column":4},"end":{"line":1060,"column":null}},"477":{"start":{"line":1061,"column":4},"end":{"line":1061,"column":null}},"478":{"start":{"line":1062,"column":9},"end":{"line":1062,"column":null}},"479":{"start":{"line":1069,"column":14},"end":{"line":1069,"column":null}},"480":{"start":{"line":1070,"column":16},"end":{"line":1070,"column":null}},"481":{"start":{"line":1071,"column":4},"end":{"line":1089,"column":null}},"482":{"start":{"line":1072,"column":6},"end":{"line":1075,"column":null}},"483":{"start":{"line":1073,"column":8},"end":{"line":1073,"column":null}},"484":{"start":{"line":1074,"column":8},"end":{"line":1074,"column":null}},"485":{"start":{"line":1076,"column":16},"end":{"line":1076,"column":null}},"486":{"start":{"line":1077,"column":6},"end":{"line":1080,"column":null}},"487":{"start":{"line":1078,"column":8},"end":{"line":1078,"column":null}},"488":{"start":{"line":1079,"column":8},"end":{"line":1079,"column":null}},"489":{"start":{"line":1081,"column":6},"end":{"line":1081,"column":null}},"490":{"start":{"line":1082,"column":6},"end":{"line":1082,"column":null}},"491":{"start":{"line":1083,"column":6},"end":{"line":1086,"column":null}},"492":{"start":{"line":1084,"column":8},"end":{"line":1084,"column":null}},"493":{"start":{"line":1085,"column":8},"end":{"line":1085,"column":null}},"494":{"start":{"line":1093,"column":16},"end":{"line":1093,"column":null}},"495":{"start":{"line":1094,"column":10},"end":{"line":1102,"column":null}},"496":{"start":{"line":1104,"column":4},"end":{"line":1104,"column":null}},"497":{"start":{"line":1105,"column":4},"end":{"line":1105,"column":null}},"498":{"start":{"line":1109,"column":9},"end":{"line":1111,"column":null}},"499":{"start":{"line":1111,"column":18},"end":{"line":1111,"column":null}},"500":{"start":{"line":1115,"column":4},"end":{"line":1117,"column":null}},"501":{"start":{"line":1116,"column":6},"end":{"line":1116,"column":null}},"502":{"start":{"line":1118,"column":4},"end":{"line":1118,"column":null}},"503":{"start":{"line":1119,"column":4},"end":{"line":1119,"column":null}},"504":{"start":{"line":1120,"column":4},"end":{"line":1120,"column":null}},"505":{"start":{"line":1121,"column":4},"end":{"line":1121,"column":null}},"506":{"start":{"line":1126,"column":20},"end":{"line":1126,"column":null}},"507":{"start":{"line":1127,"column":4},"end":{"line":1127,"column":null}},"508":{"start":{"line":1127,"column":18},"end":{"line":1127,"column":null}},"509":{"start":{"line":1128,"column":4},"end":{"line":1130,"column":null}},"510":{"start":{"line":1129,"column":6},"end":{"line":1129,"column":null}},"511":{"start":{"line":1131,"column":18},"end":{"line":1134,"column":null}},"512":{"start":{"line":1132,"column":19},"end":{"line":1132,"column":36}},"513":{"start":{"line":1133,"column":16},"end":{"line":1133,"column":28}},"514":{"start":{"line":1134,"column":14},"end":{"line":1134,"column":22}},"515":{"start":{"line":1135,"column":4},"end":{"line":1135,"column":null}},"516":{"start":{"line":1136,"column":4},"end":{"line":1136,"column":null}},"517":{"start":{"line":1137,"column":4},"end":{"line":1137,"column":null}},"518":{"start":{"line":1138,"column":4},"end":{"line":1138,"column":null}},"519":{"start":{"line":1139,"column":4},"end":{"line":1141,"column":null}},"520":{"start":{"line":1141,"column":16},"end":{"line":1141,"column":null}},"521":{"start":{"line":1146,"column":4},"end":{"line":1146,"column":null}},"522":{"start":{"line":1146,"column":39},"end":{"line":1146,"column":null}},"523":{"start":{"line":1147,"column":18},"end":{"line":1147,"column":null}},"524":{"start":{"line":1148,"column":4},"end":{"line":1148,"column":null}},"525":{"start":{"line":1148,"column":16},"end":{"line":1148,"column":null}},"526":{"start":{"line":1149,"column":4},"end":{"line":1149,"column":null}},"527":{"start":{"line":1153,"column":4},"end":{"line":1153,"column":null}},"528":{"start":{"line":1154,"column":4},"end":{"line":1154,"column":null}},"529":{"start":{"line":1155,"column":4},"end":{"line":1155,"column":null}},"530":{"start":{"line":1156,"column":4},"end":{"line":1156,"column":null}},"531":{"start":{"line":1157,"column":4},"end":{"line":1157,"column":null}},"532":{"start":{"line":1158,"column":4},"end":{"line":1158,"column":null}},"533":{"start":{"line":1159,"column":4},"end":{"line":1159,"column":null}},"534":{"start":{"line":1160,"column":4},"end":{"line":1160,"column":null}},"535":{"start":{"line":1165,"column":2},"end":{"line":1165,"column":null}},"536":{"start":{"line":1165,"column":42},"end":{"line":1165,"column":null}},"537":{"start":{"line":1166,"column":2},"end":{"line":1166,"column":null}}},"fnMap":{"0":{"name":"mapMessagesToChat","decl":{"start":{"line":19,"column":16},"end":{"line":19,"column":34}},"loc":{"start":{"line":19,"column":66},"end":{"line":45,"column":null}},"line":19},"1":{"name":"(anonymous_1)","decl":{"start":{"line":20,"column":14},"end":{"line":20,"column":19}},"loc":{"start":{"line":20,"column":22},"end":{"line":42,"column":null}},"line":20},"2":{"name":"(anonymous_2)","decl":{"start":{"line":28,"column":19},"end":{"line":28,"column":23}},"loc":{"start":{"line":28,"column":23},"end":{"line":42,"column":null}},"line":28},"3":{"name":"(anonymous_3)","decl":{"start":{"line":122,"column":10},"end":{"line":122,"column":27}},"loc":{"start":{"line":122,"column":27},"end":{"line":122,"column":null}},"line":122},"4":{"name":"constructor","decl":{"start":{"line":124,"column":2},"end":{"line":124,"column":null}},"loc":{"start":{"line":129,"column":4},"end":{"line":134,"column":null}},"line":129},"5":{"name":"sorted","decl":{"start":{"line":136,"column":6},"end":{"line":136,"column":30}},"loc":{"start":{"line":136,"column":30},"end":{"line":138,"column":null}},"line":136},"6":{"name":"onSessionEvent","decl":{"start":{"line":140,"column":2},"end":{"line":140,"column":17}},"loc":{"start":{"line":140,"column":50},"end":{"line":145,"column":null}},"line":140},"7":{"name":"(anonymous_7)","decl":{"start":{"line":142,"column":4},"end":{"line":142,"column":17}},"loc":{"start":{"line":142,"column":17},"end":{"line":144,"column":null}},"line":142},"8":{"name":"(anonymous_8)","decl":{"start":{"line":143,"column":52},"end":{"line":143,"column":59}},"loc":{"start":{"line":143,"column":64},"end":{"line":143,"column":72}},"line":143},"9":{"name":"allocSeq","decl":{"start":{"line":147,"column":2},"end":{"line":147,"column":10}},"loc":{"start":{"line":147,"column":29},"end":{"line":149,"column":null}},"line":147},"10":{"name":"notify","decl":{"start":{"line":151,"column":2},"end":{"line":151,"column":10}},"loc":{"start":{"line":151,"column":19},"end":{"line":153,"column":null}},"line":151},"11":{"name":"inFlightLocal","decl":{"start":{"line":156,"column":2},"end":{"line":156,"column":10}},"loc":{"start":{"line":156,"column":41},"end":{"line":160,"column":null}},"line":156},"12":{"name":"(anonymous_12)","decl":{"start":{"line":157,"column":25},"end":{"line":157,"column":null}},"loc":{"start":{"line":158,"column":11},"end":{"line":158,"column":null}},"line":158},"13":{"name":"bumpSeqAfter","decl":{"start":{"line":162,"column":2},"end":{"line":162,"column":10}},"loc":{"start":{"line":162,"column":47},"end":{"line":169,"column":null}},"line":162},"14":{"name":"init","decl":{"start":{"line":171,"column":2},"end":{"line":171,"column":9}},"loc":{"start":{"line":171,"column":9},"end":{"line":176,"column":null}},"line":171},"15":{"name":"boot","decl":{"start":{"line":178,"column":16},"end":{"line":178,"column":21}},"loc":{"start":{"line":178,"column":34},"end":{"line":184,"column":null}},"line":178},"16":{"name":"refreshMailbox","decl":{"start":{"line":188,"column":8},"end":{"line":188,"column":40}},"loc":{"start":{"line":188,"column":40},"end":{"line":202,"column":null}},"line":188},"17":{"name":"(anonymous_17)","decl":{"start":{"line":198,"column":36},"end":{"line":198,"column":43}},"loc":{"start":{"line":198,"column":48},"end":{"line":198,"column":71}},"line":198},"18":{"name":"deliver","decl":{"start":{"line":214,"column":8},"end":{"line":214,"column":16}},"loc":{"start":{"line":214,"column":79},"end":{"line":231,"column":null}},"line":214},"19":{"name":"(anonymous_19)","decl":{"start":{"line":217,"column":30},"end":{"line":217,"column":34}},"loc":{"start":{"line":217,"column":39},"end":{"line":217,"column":45}},"line":217},"20":{"name":"hydrateFromLocal","decl":{"start":{"line":233,"column":16},"end":{"line":233,"column":33}},"loc":{"start":{"line":233,"column":46},"end":{"line":249,"column":null}},"line":233},"21":{"name":"sync","decl":{"start":{"line":252,"column":16},"end":{"line":252,"column":21}},"loc":{"start":{"line":252,"column":34},"end":{"line":280,"column":null}},"line":252},"22":{"name":"baseline","decl":{"start":{"line":283,"column":16},"end":{"line":283,"column":25}},"loc":{"start":{"line":283,"column":38},"end":{"line":302,"column":null}},"line":283},"23":{"name":"mergeServer","decl":{"start":{"line":308,"column":2},"end":{"line":308,"column":10}},"loc":{"start":{"line":308,"column":54},"end":{"line":333,"column":null}},"line":308},"24":{"name":"(anonymous_24)","decl":{"start":{"line":314,"column":20},"end":{"line":314,"column":25}},"loc":{"start":{"line":314,"column":30},"end":{"line":314,"column":68}},"line":314},"25":{"name":"renumber","decl":{"start":{"line":336,"column":2},"end":{"line":336,"column":10}},"loc":{"start":{"line":336,"column":21},"end":{"line":339,"column":null}},"line":336},"26":{"name":"fetchMessages","decl":{"start":{"line":341,"column":16},"end":{"line":341,"column":30}},"loc":{"start":{"line":341,"column":47},"end":{"line":377,"column":null}},"line":341},"27":{"name":"(anonymous_27)","decl":{"start":{"line":349,"column":47},"end":{"line":349,"column":51}},"loc":{"start":{"line":349,"column":56},"end":{"line":349,"column":60}},"line":349},"28":{"name":"(anonymous_28)","decl":{"start":{"line":351,"column":18},"end":{"line":351,"column":25}},"loc":{"start":{"line":351,"column":25},"end":{"line":351,"column":null}},"line":351},"29":{"name":"recover","decl":{"start":{"line":379,"column":16},"end":{"line":379,"column":26}},"loc":{"start":{"line":379,"column":26},"end":{"line":392,"column":null}},"line":379},"30":{"name":"connect","decl":{"start":{"line":394,"column":2},"end":{"line":394,"column":10}},"loc":{"start":{"line":394,"column":31},"end":{"line":428,"column":null}},"line":394},"31":{"name":"(anonymous_31)","decl":{"start":{"line":410,"column":10},"end":{"line":410,"column":22}},"loc":{"start":{"line":410,"column":22},"end":{"line":425,"column":null}},"line":410},"32":{"name":"startWatchdog","decl":{"start":{"line":443,"column":2},"end":{"line":443,"column":10}},"loc":{"start":{"line":443,"column":26},"end":{"line":456,"column":null}},"line":443},"33":{"name":"(anonymous_33)","decl":{"start":{"line":445,"column":43},"end":{"line":445,"column":null}},"loc":{"start":{"line":445,"column":43},"end":{"line":455,"column":7}},"line":445},"34":{"name":"recoverStaleStream","decl":{"start":{"line":472,"column":16},"end":{"line":472,"column":35}},"loc":{"start":{"line":472,"column":63},"end":{"line":517,"column":null}},"line":472},"35":{"name":"(anonymous_35)","decl":{"start":{"line":479,"column":11},"end":{"line":479,"column":18}},"loc":{"start":{"line":480,"column":12},"end":{"line":482,"column":null}},"line":480},"36":{"name":"(anonymous_36)","decl":{"start":{"line":484,"column":11},"end":{"line":484,"column":23}},"loc":{"start":{"line":484,"column":23},"end":{"line":484,"column":38}},"line":484},"37":{"name":"(anonymous_37)","decl":{"start":{"line":485,"column":12},"end":{"line":485,"column":31}},"loc":{"start":{"line":486,"column":10},"end":{"line":486,"column":null}},"line":486},"38":{"name":"(anonymous_38)","decl":{"start":{"line":486,"column":10},"end":{"line":486,"column":27}},"loc":{"start":{"line":486,"column":27},"end":{"line":486,"column":41}},"line":486},"39":{"name":"clearStreaming","decl":{"start":{"line":523,"column":2},"end":{"line":523,"column":10}},"loc":{"start":{"line":523,"column":27},"end":{"line":530,"column":null}},"line":523},"40":{"name":"(anonymous_40)","decl":{"start":{"line":526,"column":36},"end":{"line":526,"column":43}},"loc":{"start":{"line":526,"column":43},"end":{"line":526,"column":null}},"line":526},"41":{"name":"onStreamClosed","decl":{"start":{"line":532,"column":2},"end":{"line":532,"column":10}},"loc":{"start":{"line":532,"column":38},"end":{"line":543,"column":null}},"line":532},"42":{"name":"(anonymous_42)","decl":{"start":{"line":542,"column":26},"end":{"line":542,"column":43}},"loc":{"start":{"line":542,"column":43},"end":{"line":542,"column":62}},"line":542},"43":{"name":"startIdleProbe","decl":{"start":{"line":545,"column":2},"end":{"line":545,"column":10}},"loc":{"start":{"line":545,"column":27},"end":{"line":567,"column":null}},"line":545},"44":{"name":"(anonymous_44)","decl":{"start":{"line":547,"column":44},"end":{"line":547,"column":null}},"loc":{"start":{"line":547,"column":44},"end":{"line":566,"column":7}},"line":547},"45":{"name":"(anonymous_45)","decl":{"start":{"line":552,"column":9},"end":{"line":552,"column":16}},"loc":{"start":{"line":552,"column":24},"end":{"line":564,"column":9}},"line":552},"46":{"name":"(anonymous_46)","decl":{"start":{"line":565,"column":9},"end":{"line":565,"column":21}},"loc":{"start":{"line":565,"column":21},"end":{"line":565,"column":23}},"line":565},"47":{"name":"syncIdle","decl":{"start":{"line":570,"column":2},"end":{"line":570,"column":10}},"loc":{"start":{"line":570,"column":21},"end":{"line":573,"column":null}},"line":570},"48":{"name":"handleEvent","decl":{"start":{"line":575,"column":2},"end":{"line":575,"column":10}},"loc":{"start":{"line":575,"column":39},"end":{"line":855,"column":null}},"line":575},"49":{"name":"(anonymous_49)","decl":{"start":{"line":604,"column":10},"end":{"line":604,"column":45}},"loc":{"start":{"line":604,"column":45},"end":{"line":607,"column":null}},"line":604},"50":{"name":"(anonymous_50)","decl":{"start":{"line":739,"column":11},"end":{"line":739,"column":16}},"loc":{"start":{"line":739,"column":21},"end":{"line":739,"column":33}},"line":739},"51":{"name":"(anonymous_51)","decl":{"start":{"line":740,"column":18},"end":{"line":740,"column":23}},"loc":{"start":{"line":740,"column":28},"end":{"line":740,"column":43}},"line":740},"52":{"name":"(anonymous_52)","decl":{"start":{"line":742,"column":22},"end":{"line":742,"column":27}},"loc":{"start":{"line":742,"column":27},"end":{"line":768,"column":null}},"line":742},"53":{"name":"(anonymous_53)","decl":{"start":{"line":798,"column":44},"end":{"line":798,"column":48}},"loc":{"start":{"line":799,"column":16},"end":{"line":801,"column":null}},"line":799},"54":{"name":"ensureStreamingMsg","decl":{"start":{"line":862,"column":2},"end":{"line":862,"column":10}},"loc":{"start":{"line":862,"column":66},"end":{"line":888,"column":null}},"line":862},"55":{"name":"(anonymous_55)","decl":{"start":{"line":863,"column":35},"end":{"line":863,"column":40}},"loc":{"start":{"line":863,"column":45},"end":{"line":863,"column":56}},"line":863},"56":{"name":"(anonymous_56)","decl":{"start":{"line":868,"column":36},"end":{"line":868,"column":40}},"loc":{"start":{"line":869,"column":8},"end":{"line":869,"column":null}},"line":869},"57":{"name":"upsertServerMessage","decl":{"start":{"line":892,"column":2},"end":{"line":892,"column":10}},"loc":{"start":{"line":892,"column":78},"end":{"line":907,"column":null}},"line":892},"58":{"name":"(anonymous_58)","decl":{"start":{"line":893,"column":22},"end":{"line":893,"column":27}},"loc":{"start":{"line":893,"column":32},"end":{"line":893,"column":43}},"line":893},"59":{"name":"setMsg","decl":{"start":{"line":909,"column":2},"end":{"line":909,"column":10}},"loc":{"start":{"line":909,"column":66},"end":{"line":914,"column":null}},"line":909},"60":{"name":"(anonymous_60)","decl":{"start":{"line":910,"column":30},"end":{"line":910,"column":40}},"loc":{"start":{"line":910,"column":45},"end":{"line":910,"column":56}},"line":910},"61":{"name":"ensurePart","decl":{"start":{"line":916,"column":2},"end":{"line":916,"column":10}},"loc":{"start":{"line":916,"column":66},"end":{"line":925,"column":null}},"line":916},"62":{"name":"(anonymous_62)","decl":{"start":{"line":917,"column":16},"end":{"line":917,"column":23}},"loc":{"start":{"line":918,"column":6},"end":{"line":922,"column":null}},"line":918},"63":{"name":"(anonymous_63)","decl":{"start":{"line":918,"column":14},"end":{"line":918,"column":19}},"loc":{"start":{"line":918,"column":24},"end":{"line":918,"column":39}},"line":918},"64":{"name":"appendDelta","decl":{"start":{"line":927,"column":2},"end":{"line":927,"column":10}},"loc":{"start":{"line":932,"column":4},"end":{"line":948,"column":null}},"line":932},"65":{"name":"(anonymous_65)","decl":{"start":{"line":933,"column":16},"end":{"line":933,"column":23}},"loc":{"start":{"line":933,"column":28},"end":{"line":947,"column":5}},"line":933},"66":{"name":"(anonymous_66)","decl":{"start":{"line":934,"column":27},"end":{"line":934,"column":37}},"loc":{"start":{"line":934,"column":42},"end":{"line":934,"column":57}},"line":934},"67":{"name":"startToolPart","decl":{"start":{"line":951,"column":2},"end":{"line":951,"column":10}},"loc":{"start":{"line":951,"column":69},"end":{"line":964,"column":null}},"line":951},"68":{"name":"(anonymous_68)","decl":{"start":{"line":952,"column":16},"end":{"line":952,"column":23}},"loc":{"start":{"line":952,"column":28},"end":{"line":963,"column":5}},"line":952},"69":{"name":"(anonymous_69)","decl":{"start":{"line":953,"column":18},"end":{"line":953,"column":23}},"loc":{"start":{"line":953,"column":28},"end":{"line":953,"column":43}},"line":953},"70":{"name":"appendToolInput","decl":{"start":{"line":967,"column":2},"end":{"line":967,"column":10}},"loc":{"start":{"line":967,"column":57},"end":{"line":981,"column":null}},"line":967},"71":{"name":"(anonymous_71)","decl":{"start":{"line":970,"column":16},"end":{"line":970,"column":21}},"loc":{"start":{"line":970,"column":26},"end":{"line":980,"column":5}},"line":970},"72":{"name":"(anonymous_72)","decl":{"start":{"line":971,"column":28},"end":{"line":971,"column":32}},"loc":{"start":{"line":971,"column":37},"end":{"line":978,"column":7}},"line":971},"73":{"name":"addToolPart","decl":{"start":{"line":983,"column":2},"end":{"line":983,"column":10}},"loc":{"start":{"line":988,"column":4},"end":{"line":1008,"column":null}},"line":988},"74":{"name":"(anonymous_74)","decl":{"start":{"line":994,"column":16},"end":{"line":994,"column":23}},"loc":{"start":{"line":994,"column":28},"end":{"line":1007,"column":5}},"line":994},"75":{"name":"(anonymous_75)","decl":{"start":{"line":995,"column":27},"end":{"line":995,"column":37}},"loc":{"start":{"line":995,"column":42},"end":{"line":995,"column":57}},"line":995},"76":{"name":"updateToolResult","decl":{"start":{"line":1010,"column":2},"end":{"line":1010,"column":10}},"loc":{"start":{"line":1021,"column":4},"end":{"line":1052,"column":null}},"line":1021},"77":{"name":"(anonymous_77)","decl":{"start":{"line":1024,"column":16},"end":{"line":1024,"column":21}},"loc":{"start":{"line":1024,"column":26},"end":{"line":1051,"column":5}},"line":1024},"78":{"name":"(anonymous_78)","decl":{"start":{"line":1025,"column":28},"end":{"line":1025,"column":32}},"loc":{"start":{"line":1025,"column":37},"end":{"line":1049,"column":7}},"line":1025},"79":{"name":"finishStreaming","decl":{"start":{"line":1054,"column":2},"end":{"line":1054,"column":10}},"loc":{"start":{"line":1054,"column":28},"end":{"line":1063,"column":null}},"line":1054},"80":{"name":"(anonymous_80)","decl":{"start":{"line":1055,"column":34},"end":{"line":1055,"column":38}},"loc":{"start":{"line":1056,"column":6},"end":{"line":1056,"column":null}},"line":1056},"81":{"name":"reconcile","decl":{"start":{"line":1068,"column":16},"end":{"line":1068,"column":28}},"loc":{"start":{"line":1068,"column":28},"end":{"line":1090,"column":null}},"line":1068},"82":{"name":"addError","decl":{"start":{"line":1092,"column":2},"end":{"line":1092,"column":10}},"loc":{"start":{"line":1092,"column":33},"end":{"line":1106,"column":null}},"line":1092},"83":{"name":"stop","decl":{"start":{"line":1108,"column":2},"end":{"line":1108,"column":9}},"loc":{"start":{"line":1108,"column":9},"end":{"line":1112,"column":null}},"line":1108},"84":{"name":"(anonymous_84)","decl":{"start":{"line":1111,"column":7},"end":{"line":1111,"column":18}},"loc":{"start":{"line":1111,"column":18},"end":{"line":1111,"column":null}},"line":1111},"85":{"name":"revert","decl":{"start":{"line":1114,"column":8},"end":{"line":1114,"column":15}},"loc":{"start":{"line":1114,"column":34},"end":{"line":1122,"column":null}},"line":1114},"86":{"name":"resendFrom","decl":{"start":{"line":1125,"column":8},"end":{"line":1125,"column":19}},"loc":{"start":{"line":1125,"column":51},"end":{"line":1143,"column":null}},"line":1125},"87":{"name":"(anonymous_87)","decl":{"start":{"line":1132,"column":7},"end":{"line":1132,"column":14}},"loc":{"start":{"line":1132,"column":19},"end":{"line":1132,"column":36}},"line":1132},"88":{"name":"(anonymous_88)","decl":{"start":{"line":1133,"column":7},"end":{"line":1133,"column":11}},"loc":{"start":{"line":1133,"column":16},"end":{"line":1133,"column":28}},"line":1133},"89":{"name":"(anonymous_89)","decl":{"start":{"line":1134,"column":7},"end":{"line":1134,"column":14}},"loc":{"start":{"line":1134,"column":14},"end":{"line":1134,"column":22}},"line":1134},"90":{"name":"(anonymous_90)","decl":{"start":{"line":1141,"column":12},"end":{"line":1141,"column":16}},"loc":{"start":{"line":1141,"column":16},"end":{"line":1141,"column":null}},"line":1141},"91":{"name":"loadMore","decl":{"start":{"line":1145,"column":8},"end":{"line":1145,"column":19}},"loc":{"start":{"line":1145,"column":19},"end":{"line":1150,"column":null}},"line":1145},"92":{"name":"dispose","decl":{"start":{"line":1152,"column":2},"end":{"line":1152,"column":12}},"loc":{"start":{"line":1152,"column":12},"end":{"line":1161,"column":null}},"line":1152},"93":{"name":"pretty","decl":{"start":{"line":1164,"column":9},"end":{"line":1164,"column":16}},"loc":{"start":{"line":1164,"column":36},"end":{"line":1167,"column":null}},"line":1164}},"branchMap":{"0":{"loc":{"start":{"line":24,"column":15},"end":{"line":24,"column":null}},"type":"binary-expr","locations":[{"start":{"line":24,"column":15},"end":{"line":24,"column":30}},{"start":{"line":24,"column":30},"end":{"line":24,"column":null}}],"line":24},"1":{"loc":{"start":{"line":29,"column":10},"end":{"line":29,"column":null}},"type":"binary-expr","locations":[{"start":{"line":29,"column":10},"end":{"line":29,"column":22}},{"start":{"line":29,"column":12},"end":{"line":29,"column":null}}],"line":29},"2":{"loc":{"start":{"line":31,"column":12},"end":{"line":31,"column":null}},"type":"binary-expr","locations":[{"start":{"line":31,"column":12},"end":{"line":31,"column":22}},{"start":{"line":31,"column":22},"end":{"line":31,"column":null}}],"line":31},"3":{"loc":{"start":{"line":32,"column":12},"end":{"line":32,"column":null}},"type":"binary-expr","locations":[{"start":{"line":32,"column":12},"end":{"line":32,"column":22}},{"start":{"line":32,"column":22},"end":{"line":32,"column":null}}],"line":32},"4":{"loc":{"start":{"line":33,"column":13},"end":{"line":33,"column":null}},"type":"binary-expr","locations":[{"start":{"line":33,"column":13},"end":{"line":33,"column":24}},{"start":{"line":33,"column":24},"end":{"line":33,"column":null}}],"line":33},"5":{"loc":{"start":{"line":34,"column":12},"end":{"line":34,"column":null}},"type":"binary-expr","locations":[{"start":{"line":34,"column":12},"end":{"line":34,"column":22}},{"start":{"line":34,"column":22},"end":{"line":34,"column":null}}],"line":34},"6":{"loc":{"start":{"line":35,"column":12},"end":{"line":35,"column":null}},"type":"binary-expr","locations":[{"start":{"line":35,"column":12},"end":{"line":35,"column":22}},{"start":{"line":35,"column":22},"end":{"line":35,"column":null}}],"line":35},"7":{"loc":{"start":{"line":36,"column":12},"end":{"line":36,"column":null}},"type":"binary-expr","locations":[{"start":{"line":36,"column":12},"end":{"line":36,"column":22}},{"start":{"line":36,"column":22},"end":{"line":36,"column":null}}],"line":36},"8":{"loc":{"start":{"line":37,"column":12},"end":{"line":37,"column":null}},"type":"binary-expr","locations":[{"start":{"line":37,"column":12},"end":{"line":37,"column":22}},{"start":{"line":37,"column":22},"end":{"line":37,"column":null}}],"line":37},"9":{"loc":{"start":{"line":38,"column":13},"end":{"line":38,"column":null}},"type":"binary-expr","locations":[{"start":{"line":38,"column":13},"end":{"line":38,"column":24}},{"start":{"line":38,"column":24},"end":{"line":38,"column":null}}],"line":38},"10":{"loc":{"start":{"line":39,"column":14},"end":{"line":39,"column":null}},"type":"binary-expr","locations":[{"start":{"line":39,"column":14},"end":{"line":39,"column":26}},{"start":{"line":39,"column":26},"end":{"line":39,"column":null}}],"line":39},"11":{"loc":{"start":{"line":40,"column":18},"end":{"line":40,"column":null}},"type":"binary-expr","locations":[{"start":{"line":40,"column":18},"end":{"line":40,"column":34}},{"start":{"line":40,"column":34},"end":{"line":40,"column":null}}],"line":40},"12":{"loc":{"start":{"line":41,"column":17},"end":{"line":41,"column":null}},"type":"binary-expr","locations":[{"start":{"line":41,"column":17},"end":{"line":41,"column":32}},{"start":{"line":41,"column":32},"end":{"line":41,"column":null}}],"line":41},"13":{"loc":{"start":{"line":42,"column":17},"end":{"line":42,"column":null}},"type":"binary-expr","locations":[{"start":{"line":42,"column":17},"end":{"line":42,"column":32}},{"start":{"line":42,"column":32},"end":{"line":42,"column":null}}],"line":42},"14":{"loc":{"start":{"line":133,"column":4},"end":{"line":133,"column":null}},"type":"if","locations":[{"start":{"line":133,"column":4},"end":{"line":133,"column":null}},{"start":{},"end":{}}],"line":133},"15":{"loc":{"start":{"line":158,"column":11},"end":{"line":158,"column":null}},"type":"binary-expr","locations":[{"start":{"line":158,"column":11},"end":{"line":158,"column":25}},{"start":{"line":158,"column":25},"end":{"line":158,"column":53}},{"start":{"line":158,"column":53},"end":{"line":158,"column":null}}],"line":158},"16":{"loc":{"start":{"line":165,"column":6},"end":{"line":166,"column":null}},"type":"if","locations":[{"start":{"line":165,"column":6},"end":{"line":166,"column":null}},{"start":{},"end":{}}],"line":165},"17":{"loc":{"start":{"line":165,"column":10},"end":{"line":165,"column":null}},"type":"binary-expr","locations":[{"start":{"line":165,"column":10},"end":{"line":165,"column":27}},{"start":{"line":165,"column":27},"end":{"line":165,"column":51}},{"start":{"line":165,"column":51},"end":{"line":165,"column":null}}],"line":165},"18":{"loc":{"start":{"line":168,"column":4},"end":{"line":168,"column":null}},"type":"if","locations":[{"start":{"line":168,"column":4},"end":{"line":168,"column":null}},{"start":{},"end":{}}],"line":168},"19":{"loc":{"start":{"line":174,"column":4},"end":{"line":174,"column":null}},"type":"if","locations":[{"start":{"line":174,"column":4},"end":{"line":174,"column":null}},{"start":{},"end":{}}],"line":174},"20":{"loc":{"start":{"line":190,"column":4},"end":{"line":193,"column":null}},"type":"if","locations":[{"start":{"line":190,"column":4},"end":{"line":193,"column":null}},{"start":{},"end":{}}],"line":190},"21":{"loc":{"start":{"line":214,"column":30},"end":{"line":214,"column":79}},"type":"default-arg","locations":[{"start":{"line":214,"column":30},"end":{"line":214,"column":79}}],"line":214},"22":{"loc":{"start":{"line":216,"column":4},"end":{"line":216,"column":null}},"type":"if","locations":[{"start":{"line":216,"column":4},"end":{"line":216,"column":null}},{"start":{},"end":{}}],"line":216},"23":{"loc":{"start":{"line":216,"column":4},"end":{"line":216,"column":41}},"type":"binary-expr","locations":[{"start":{"line":216,"column":4},"end":{"line":216,"column":21}},{"start":{"line":216,"column":9},"end":{"line":216,"column":41}}],"line":216},"24":{"loc":{"start":{"line":235,"column":4},"end":{"line":235,"column":null}},"type":"if","locations":[{"start":{"line":235,"column":4},"end":{"line":235,"column":null}},{"start":{},"end":{}}],"line":235},"25":{"loc":{"start":{"line":239,"column":25},"end":{"line":239,"column":null}},"type":"cond-expr","locations":[{"start":{"line":239,"column":41},"end":{"line":239,"column":68}},{"start":{"line":239,"column":68},"end":{"line":239,"column":null}}],"line":239},"26":{"loc":{"start":{"line":240,"column":28},"end":{"line":240,"column":null}},"type":"cond-expr","locations":[{"start":{"line":240,"column":44},"end":{"line":240,"column":74}},{"start":{"line":240,"column":74},"end":{"line":240,"column":null}}],"line":240},"27":{"loc":{"start":{"line":241,"column":6},"end":{"line":245,"column":null}},"type":"if","locations":[{"start":{"line":241,"column":6},"end":{"line":245,"column":null}},{"start":{},"end":{}}],"line":241},"28":{"loc":{"start":{"line":258,"column":8},"end":{"line":261,"column":null}},"type":"binary-expr","locations":[{"start":{"line":258,"column":8},"end":{"line":258,"column":null}},{"start":{"line":259,"column":9},"end":{"line":259,"column":null}},{"start":{"line":260,"column":10},"end":{"line":260,"column":null}},{"start":{"line":261,"column":11},"end":{"line":261,"column":null}}],"line":258},"29":{"loc":{"start":{"line":262,"column":6},"end":{"line":274,"column":null}},"type":"if","locations":[{"start":{"line":262,"column":6},"end":{"line":274,"column":null}},{"start":{"line":272,"column":13},"end":{"line":274,"column":null}}],"line":262},"30":{"loc":{"start":{"line":262,"column":10},"end":{"line":262,"column":52}},"type":"binary-expr","locations":[{"start":{"line":262,"column":10},"end":{"line":262,"column":15}},{"start":{"line":262,"column":15},"end":{"line":262,"column":35}},{"start":{"line":262,"column":35},"end":{"line":262,"column":52}}],"line":262},"31":{"loc":{"start":{"line":264,"column":8},"end":{"line":271,"column":null}},"type":"if","locations":[{"start":{"line":264,"column":8},"end":{"line":271,"column":null}},{"start":{"line":266,"column":15},"end":{"line":271,"column":null}}],"line":264},"32":{"loc":{"start":{"line":266,"column":15},"end":{"line":271,"column":null}},"type":"if","locations":[{"start":{"line":266,"column":15},"end":{"line":271,"column":null}},{"start":{"line":268,"column":15},"end":{"line":271,"column":null}}],"line":266},"33":{"loc":{"start":{"line":266,"column":19},"end":{"line":266,"column":74}},"type":"binary-expr","locations":[{"start":{"line":266,"column":19},"end":{"line":266,"column":46}},{"start":{"line":266,"column":46},"end":{"line":266,"column":74}}],"line":266},"34":{"loc":{"start":{"line":291,"column":6},"end":{"line":298,"column":null}},"type":"if","locations":[{"start":{"line":291,"column":6},"end":{"line":298,"column":null}},{"start":{},"end":{}}],"line":291},"35":{"loc":{"start":{"line":292,"column":27},"end":{"line":292,"column":null}},"type":"cond-expr","locations":[{"start":{"line":292,"column":41},"end":{"line":292,"column":69}},{"start":{"line":292,"column":69},"end":{"line":292,"column":null}}],"line":292},"36":{"loc":{"start":{"line":314,"column":6},"end":{"line":314,"column":null}},"type":"binary-expr","locations":[{"start":{"line":314,"column":6},"end":{"line":314,"column":73}},{"start":{"line":314,"column":73},"end":{"line":314,"column":null}}],"line":314},"37":{"loc":{"start":{"line":314,"column":30},"end":{"line":314,"column":68}},"type":"binary-expr","locations":[{"start":{"line":314,"column":30},"end":{"line":314,"column":43}},{"start":{"line":314,"column":43},"end":{"line":314,"column":68}}],"line":314},"38":{"loc":{"start":{"line":317,"column":6},"end":{"line":317,"column":null}},"type":"if","locations":[{"start":{"line":317,"column":6},"end":{"line":317,"column":null}},{"start":{},"end":{}}],"line":317},"39":{"loc":{"start":{"line":321,"column":4},"end":{"line":322,"column":null}},"type":"if","locations":[{"start":{"line":321,"column":4},"end":{"line":322,"column":null}},{"start":{},"end":{}}],"line":321},"40":{"loc":{"start":{"line":321,"column":8},"end":{"line":321,"column":null}},"type":"binary-expr","locations":[{"start":{"line":321,"column":8},"end":{"line":321,"column":31}},{"start":{"line":321,"column":22},"end":{"line":321,"column":null}}],"line":321},"41":{"loc":{"start":{"line":326,"column":4},"end":{"line":329,"column":null}},"type":"if","locations":[{"start":{"line":326,"column":4},"end":{"line":329,"column":null}},{"start":{},"end":{}}],"line":326},"42":{"loc":{"start":{"line":326,"column":8},"end":{"line":326,"column":64}},"type":"binary-expr","locations":[{"start":{"line":326,"column":8},"end":{"line":326,"column":36}},{"start":{"line":326,"column":36},"end":{"line":326,"column":64}}],"line":326},"43":{"loc":{"start":{"line":328,"column":6},"end":{"line":328,"column":null}},"type":"if","locations":[{"start":{"line":328,"column":6},"end":{"line":328,"column":null}},{"start":{},"end":{}}],"line":328},"44":{"loc":{"start":{"line":348,"column":6},"end":{"line":356,"colu
[...]
5:53":47,"s:386:8:386:Infinity":177,"s:387:8:387:Infinity":178,"f:394:2:394:10":30,"s:395:4:395:Infinity":179,"b:395:4:395:27:395:27:395:Infinity":48,"s:396:4:396:Infinity":180,"s:397:4:397:Infinity":181,"s:398:15:398:Infinity":182,"s:399:4:399:Infinity":183,"s:400:4:400:Infinity":184,"s:401:4:401:Infinity":185,"s:402:4:402:Infinity":186,"s:403:4:403:Infinity":187,"b:403:4:403:27:403:27:403:Infinity":49,"s:406:4:406:Infinity":188,"s:407:4:407:Infinity":189,"s:408:4:408:Infinity":190,"s:409:4:409:Infinity":191,"s:410:10:425:Infinity":192,"f:410:10:410:22":31,"s:411:6:424:Infinity":193,"s:412:8:420:Infinity":194,"b:417:10:417:Infinity:undefined:undefined:undefined:undefined":50,"s:417:10:417:Infinity":195,"s:417:33:417:Infinity":196,"s:418:10:418:Infinity":197,"s:419:10:419:Infinity":198,"s:421:8:421:Infinity":199,"b:423:8:423:Infinity:undefined:undefined:undefined:undefined":51,"s:423:8:423:Infinity":200,"s:423:32:423:Infinity":201,"s:426:4:426:Infinity":202,"s:427:4:427:Infinity":203,"f:443:2:443:10":32,"s:444:4:444:Infinity":204,"b:444:4:444:26:444:26:444:Infinity":52,"s:445:4:455:Infinity":205,"f:445:43:445:Infinity":33,"b:446:6:446:Infinity:undefined:undefined:undefined:undefined":53,"s:446:6:446:Infinity":206,"s:446:25:446:Infinity":207,"b:447:6:451:Infinity:undefined:undefined:undefined:undefined":54,"s:447:6:451:Infinity":208,"s:451:8:451:Infinity":209,"s:452:18:452:Infinity":210,"b:452:18:452:33:452:33:452:Infinity":55,"b:453:6:453:Infinity:undefined:undefined:undefined:undefined":56,"s:453:6:453:Infinity":211,"b:453:6:453:18:453:18:453:47":57,"s:453:47:453:Infinity":212,"s:454:11:454:Infinity":213,"f:472:16:472:35":34,"b:473:4:473:Infinity:undefined:undefined:undefined:undefined":58,"s:473:4:473:Infinity":214,"s:473:22:473:Infinity":215,"s:474:4:474:Infinity":216,"s:475:4:516:Infinity":217,"s:476:20:486:Infinity":218,"f:479:11:479:18":35,"s:480:12:482:Infinity":219,"b:481:17:481:Infinity:482:17:482:Infinity":59,"b:480:12:480:29:480:29:480:Infinity":60,"f:484:11:484:23":36,"s:484:23:484:38":220,"f:485:12:485:31":37,"s:486:10:486:Infinity":221,"f:486:10:486:27":38,"s:486:27:486:41":222,"b:490:6:494:Infinity:undefined:undefined:undefined:undefined":61,"s:490:6:494:Infinity":223,"s:494:8:494:Infinity":224,"b:495:6:495:Infinity:undefined:undefined:undefined:undefined":62,"s:495:6:495:Infinity":225,"s:495:39:495:Infinity":226,"b:496:6:500:Infinity:undefined:undefined:undefined:undefined":63,"s:496:6:500:Infinity":227,"s:497:8:497:Infinity":228,"s:498:13:498:Infinity":229,"s:499:8:499:Infinity":230,"s:501:18:501:Infinity":231,"b:502:6:508:Infinity:undefined:undefined:undefined:undefined":64,"s:502:6:508:Infinity":232,"b:503:8:503:Infinity:504:8:505:Infinity":65,"s:507:8:507:Infinity":233,"s:509:6:509:Infinity":234,"s:510:6:510:Infinity":235,"s:511:6:511:Infinity":236,"s:512:6:512:Infinity":237,"s:513:6:513:Infinity":238,"s:515:6:515:Infinity":239,"f:523:2:523:10":39,"b:524:4:528:Infinity:undefined:undefined:undefined:undefined":66,"s:524:4:528:Infinity":240,"s:525:17:525:Infinity":241,"s:526:6:526:Infinity":242,"f:526:36:526:43":40,"s:526:43:526:Infinity":243,"b:526:50:526:63:526:63:526:Infinity":67,"s:527:6:527:Infinity":244,"s:529:4:529:Infinity":245,"f:532:2:532:10":41,"b:533:4:533:Infinity:undefined:undefined:undefined:undefined":68,"s:533:4:533:Infinity":246,"b:533:8:533:31:533:31:533:52":69,"s:533:52:533:Infinity":247,"s:534:4:534:Infinity":248,"b:535:4:535:Infinity:undefined:undefined:undefined:undefined":70,"s:535:4:535:Infinity":249,"s:535:37:535:Infinity":250,"b:536:4:536:Infinity:undefined:undefined:undefined:undefined":71,"s:536:4:536:Infinity":251,"s:536:67:536:Infinity":252,"s:537:18:540:Infinity":253,"s:541:4:541:Infinity":254,"s:542:4:542:Infinity":255,"f:542:26:542:43":42,"s:542:43:542:62":256,"f:545:2:545:10":43,"s:546:4:546:Infinity":257,"b:546:4:546:27:546:27:546:Infinity":72,"s:547:4:566:Infinity":258,"f:547:44:547:Infinity":44,"b:548:6:549:Infinity:undefined:undefined:undefined:undefined":73,"s:548:6:549:Infinity":259,"s:549:8:549:Infinity":260,"s:550:6:565:Infinity":261,"f:552:9:552:16":45,"b:553:10:563:Infinity:558:17:563:Infinity":74,"s:553:10:563:Infinity":262,"b:553:14:553:31:553:31:553:49":75,"b:554:12:557:Infinity:undefined:undefined:undefined:undefined":76,"s:554:12:557:Infinity":263,"s:555:14:555:Infinity":264,"s:556:14:556:Infinity":265,"s:561:12:561:Infinity":266,"s:562:17:562:Infinity":267,"f:565:9:565:21":46,"f:570:2:570:10":47,"b:571:4:571:Infinity:undefined:undefined:undefined:undefined":77,"s:571:4:571:Infinity":268,"s:571:23:571:Infinity":269,"s:572:4:572:Infinity":270,"f:575:2:575:10":48,"s:576:4:576:Infinity":271,"b:578:4:582:Infinity:undefined:undefined:undefined:undefined":78,"s:578:4:582:Infinity":272,"b:579:6:579:Infinity:undefined:undefined:undefined:undefined":79,"s:579:6:579:Infinity":273,"s:579:37:579:Infinity":274,"s:580:6:580:Infinity":275,"b:581:6:581:Infinity:undefined:undefined:undefined:undefined":80,"s:581:6:581:Infinity":276,"s:581:38:581:Infinity":277,"b:584:4:587:Infinity:undefined:undefined:undefined:undefined":81,"s:584:4:587:Infinity":278,"s:585:6:585:Infinity":279,"s:586:6:586:Infinity":280,"s:588:16:588:Infinity":281,"b:589:4:592:Infinity:undefined:undefined:undefined:undefined":82,"s:589:4:592:Infinity":282,"b:589:8:589:15:589:15:589:41":83,"b:590:6:590:Infinity:undefined:undefined:undefined:undefined":84,"s:590:6:590:Infinity":283,"s:590:36:590:Infinity":284,"s:591:6:591:Infinity":285,"s:593:4:599:Infinity":286,"s:594:6:598:Infinity":287,"s:595:8:595:Infinity":288,"s:600:30:600:Infinity":289,"s:604:10:607:Infinity":290,"f:604:10:604:45":49,"s:605:17:605:Infinity":291,"s:606:6:606:Infinity":292,"b:606:51:606:56:606:56:606:Infinity":85,"b:606:6:606:39:606:39:606:51":86,"b:609:6:609:Infinity:610:6:610:Infinity:611:6:611:Infinity:612:6:628:Infinity:629:6:637:Infinity:638:6:650:Infinity:651:6:663:Infinity:664:6:680:Infinity:681:6:699:Infinity:700:6:717:Infinity:718:6:725:Infinity:726:6:726:Infinity:727:6:774:Infinity:775:6:778:Infinity:779:6:818:Infinity:819:6:824:Infinity:825:6:834:Infinity:835:6:835:Infinity:836:6:851:Infinity:852:6:853:Infinity":87,"s:608:4:853:Infinity":293,"s:613:20:613:Infinity":294,"b:614:8:614:Infinity:undefined:undefined:undefined:undefined":88,"s:614:8:614:Infinity":295,"s:614:25:614:Infinity":296,"s:615:8:615:Infinity":297,"b:616:8:626:Infinity:618:15:626:Infinity":89,"s:616:8:626:Infinity":298,"b:616:12:616:38:616:38:616:60":90,"s:617:10:617:Infinity":299,"b:618:15:626:Infinity:620:15:626:Infinity":91,"s:618:15:626:Infinity":300,"b:618:19:618:50:618:50:618:72":92,"s:619:10:619:Infinity":301,"b:620:15:626:Infinity:undefined:undefined:undefined:undefined":93,"s:620:15:626:Infinity":302,"b:620:19:620:51:620:51:620:73":94,"s:621:10:625:Infinity":303,"b:624:13:624:35:624:35:624:53:624:53:624:Infinity":95,"s:627:8:627:Infinity":304,"b:630:8:635:Infinity:undefined:undefined:undefined:undefined":96,"s:630:8:635:Infinity":305,"b:630:12:630:36:630:36:630:61":97,"s:631:10:633:Infinity":306,"b:633:19:633:38:633:38:633:40":98,"s:636:8:636:Infinity":307,"b:639:8:649:Infinity:undefined:undefined:undefined:undefined":99,"s:639:8:649:Infinity":308,"b:639:12:639:36:639:36:639:60":100,"s:640:22:640:Infinity":309,"b:641:10:641:Infinity:undefined:undefined:undefined:undefined":101,"s:641:10:641:Infinity":310,"s:641:27:641:Infinity":311,"s:642:10:642:Infinity":312,"s:643:10:648:Infinity":313,"b:646:19:646:37:646:37:646:39":102,"s:650:8:650:Infinity":314,"b:652:8:662:Infinity:undefined:undefined:undefined:undefined":103,"s:652:8:662:Infinity":315,"b:652:12:652:36:652:36:652:60":104,"s:653:22:653:Infinity":316,"b:654:10:654:Infinity:undefined:undefined:undefined:undefined":105,"s:654:10:654:Infinity":317,"s:654:27:654:Infinity":318,"s:655:10:655:Infinity":319,"s:656:10:661:Infinity":320,"b:659:19:659:37:659:37:659:39":106,"s:663:8:663:Infinity":321,"s:665:20:665:Infinity":322,"b:666:8:666:Infinity:undefined:undefined:undefined:undefined":107,"s:666:8:666:Infinity":323,"s:666:25:666:Infinity":324,"s:667:8:667:Infinity":325,"s:668:22:668:Infinity":326,"b:668:22:668:46:668:46:668:Infinity":108,"b:671:8:678:Infinity:undefined:undefined:undefined:undefined":109,"s:671:8:678:Infinity":327,"s:672:10:676:Infinity":328,"b:675:13:675:35:675:35:675:53:675:53:675:Infinity":110,"s:679:8:679:Infinity":329,"s:682:22:682:Infinity":330,"b:682:22:682:46:682:46:682:Infinity":111,"b:685:8:685:Infinity:undefined:undefined:undefined:undefined":112,"s:685:8:685:Infinity":331,"s:685:26:685:Infinity":332,"s:686:8:695:Infinity":333,"b:688:10:688:33:688:33:688:53:688:53:688:Infinity":113,"b:695:19:695:65:695:65:695:Infinity":114,"s:698:8:698:Infinity":334,"s:701:22:701:Infinity":335,"b:701:22:701:46:701:46:701:Infinity":115,"s:704:23:704:Infinity":336,"s:705:14:712:Infinity":337,"b:707:14:707:Infinity:708:14:712:Infinity":116,"b:709:18:711:Infinity:712:17:712:Infinity":117,"b:708:14:708:31:708:14:708:Infinity":118,"b:709:18:709:Infinity:710:16:710:Infinity:711:16:711:Infinity":119,"b:712:17:712:38:712:38:712:Infinity":120,"b:714:8:715:Infinity:undefined:undefined:undefined:undefined":121,"s:714:8:715:Infinity":338,"s:715:10:715:Infinity":339,"s:716:8:716:Infinity":340,"s:719:22:719:Infinity":341,"b:719:22:719:46:719:46:719:Infinity":122,"b:722:8:723:Infinity:undefined:undefined:undefined:undefined":123,"s:722:8:723:Infinity":342,"s:723:10:723:Infinity":343,"s:724:8:724:Infinity":344,"s:732:21:732:Infinity":345,"b:733:8:733:Infinity:undefined:undefined:undefined:undefined":124,"s:733:8:733:Infinity":346,"b:733:12:733:28:733:28:733:41":125,"s:733:41:733:Infinity":347,"s:734:20:734:Infinity":348,"b:735:8:735:Infinity:undefined:undefined:undefined:undefined":126,"s:735:8:735:Infinity":349,"s:735:25:735:Infinity":350,"s:736:8:736:Infinity":351,"s:737:14:737:Infinity":352,"s:738:25:740:Infinity":353,"f:739:11:739:16":50,"s:739:21:739:33":354,"f:740:18:740:23":51,"s:740:28:740:43":355,"b:741:8:772:Infinity:undefined:undefined:undefined:undefined":127,"s:741:8:772:Infinity":356,"s:742:10:768:Infinity":357,"f:742:22:742:27":52,"s:742:27:768:Infinity":358,"b:752:23:752:64:752:64:752:Infinity":128,"b:753:23:753:69:753:69:753:Infinity":129,"b:754:47:754:72:754:72:754:Infinity":130,"b:755:49:755:75:755:75:755:Infinity":131,"b:757:45:757:72:757:72:757:Infinity":132,"b:760:22:760:Infinity:761:22:763:Infinity":133,"b:762:24:762:Infinity:763:24:763:Infinity":134,"b:765:19:765:Infinity:766:19:766:Infinity:767:18:767:Infinity":135,"b:768:28:768:74:768:74:768:Infinity":136,"s:773:8:773:Infinity":359,"s:776:8:776:Infinity":360,"s:777:13:777:Infinity":361,"s:778:8:778:Infinity":362,"s:785:14:786:Infinity":363,"b:786:53:786:76:786:76:786:Infinity":137,"s:787:14:788:Infinity":364,"b:788:50:788:70:788:70:788:Infinity":138,"s:789:14:790:Infinity":365,"b:790:47:790:64:790:64:790:Infinity":139,"s:791:26:791:Infinity":366,"b:792:8:812:Infinity:undefined:undefined:undefined:undefined":140,"s:792:8:812:Infinity":367,"b:793:10:811:Infinity:806:17:811:Infinity":141,"s:793:10:811:Infinity":368,"b:793:14:793:27:793:27:793:49":142,"s:796:31:796:Infinity":369,"b:797:12:803:Infinity:undefined:undefined:undefined:undefined":143,"s:797:12:803:Infinity":370,"b:797:16:797:38:797:38:797:62":144,"s:798:14:802:Infinity":371,"f:798:44:798:48":53,"s:799:16:801:Infinity":372,"b:799:52:800:Infinity:801:20:801:Infinity":145,"b:799:16:799:39:799:39:799:Infinity":146,"s:804:12:804:Infinity":373,"s:805:12:805:Infinity":374,"b:806:17:811:Infinity:undefined:undefined:undefined:undefined":147,"s:806:17:811:Infinity":375,"s:810:12:810:Infinity":376,"s:813:8:813:Infinity":377,"s:814:13:814:Infinity":378,"s:816:13:816:Infinity":379,"s:817:8:817:Infinity":380,"s:820:8:820:Infinity":381,"s:821:8:821:Infinity":382,"s:822:8:822:Infinity":383,"s:823:13:823:Infinity":384,"s:824:8:824:Infinity":385,"s:826:22:826:Infinity":386,"b:827:8:832:Infinity:830:15:832:Infinity":148,"s:827:8:832:Infinity":387,"b:827:12:827:32:827:32:827:53":149,"s:828:10:828:Infinity":388,"s:829:10:829:Infinity":389,"s:831:10:831:Infinity":390,"s:833:8:833:Infinity":391,"s:837:23:837:Infinity":392,"s:838:14:845:Infinity":393,"b:840:14:840:Infinity:841:14:845:Infinity":150,"b:842:18:844:Infinity:845:17:845:Infinity":151,"b:841:14:841:31:841:14:841:Infinity":152,"b:842:18:842:Infinity:843:16:843:Infinity:844:16:844:Infinity":153,"b:845:17:845:38:845:38:845:Infinity":154,"s:847:8:847:Infinity":394,"s:848:8:848:Infinity":395,"s:849:8:849:Infinity":396,"s:850:8:850:Infinity":397,"s:853:8:853:Infinity":398,"f:862:2:862:10":54,"s:863:21:863:Infinity":399,"f:863:35:863:40":55,"s:863:45:863:56":400,"b:864:4:872:Infinity:undefined:undefined:undefined:undefined":155,"s:864:4:872:Infinity":401,"b:865:6:865:Infinity:undefined:undefined:undefined:undefined":156,"s:865:6:865:Infinity":402,"s:865:29:865:Infinity":403,"b:866:6:866:Infinity:undefined:undefined:undefined:undefined":157,"s:866:6:866:Infinity":404,"s:866:43:866:Infinity":405,"s:868:6:870:Infinity":406,"f:868:36:868:40":56,"s:869:8:869:Infinity":407,"b:869:17:869:63:869:63:869:Infinity":158,"s:871:6:871:Infinity":408,"s:873:4:873:Infinity":409,"s:874:4:884:Infinity":410,"b:883:16:883:26:883:26:883:Infinity":159,"s:887:4:887:Infinity":411,"f:892:2:892:10":57,"b:893:4:893:Infinity:undefined:undefined:undefined:undefined":160,"s:893:4:893:Infinity":412,"f:893:22:893:27":58,"s:893:32:893:43":413,"s:893:46:893:Infinity":414,"s:894:4:904:Infinity":415,"f:909:2:909:10":59,"s:910:16:910:Infinity":416,"f:910:30:910:40":60,"s:910:45:910:56":417,"b:911:4:911:Infinity:undefined:undefined:undefined:undefined":161,"s:911:4:911:Infinity":418,"s:911:17:911:Infinity":419,"s:912:4:912:Infinity":420,"s:913:4:913:Infinity":421,"f:916:2:916:10":61,"s:917:4:922:Infinity":422,"f:917:16:917:23":62,"s:918:6:922:Infinity":423,"b:919:10:919:Infinity":162,"f:918:14:918:19":63,"s:918:24:918:39":424,"f:927:2:927:10":64,"s:933:4:947:Infinity":425,"f:933:16:933:23":65,"s:934:19:934:Infinity":426,"f:934:27:934:37":66,"s:934:42:934:57":427,"s:935:12:935:Infinity":428,"b:936:6:945:Infinity:938:13:945:Infinity":163,"s:936:6:945:Infinity":429,"s:937:8:937:Infinity":430,"s:939:8:943:Infinity":431,"b:941:28:941:42:941:42:941:Infinity":164,"s:946:6:946:Infinity":432,"f:951:2:951:10":67,"s:952:4:963:Infinity":433,"f:952:16:952:23":68,"b:953:6:953:Infinity:undefined:undefined:undefined:undefined":165,"s:953:6:953:Infinity":434,"f:953:18:953:23":69,"s:953:28:953:43":435,"s:953:46:953:Infinity":436,"s:954:12:954:Infinity":437,"s:955:12:960:Infinity":438,"s:962:6:962:Infinity":439,"f:967:2:967:10":70,"s:968:16:968:Infinity":440,"b:969:4:969:Infinity:undefined:undefined:undefined:undefined":166,"s:969:4:969:Infinity":441,"s:969:14:969:Infinity":442,"s:970:4:980:Infinity":443,"f:970:16:970:21":71,"s:971:20:978:Infinity":444,"f:971:28:971:32":72,"b:972:8:972:Infinity:undefined:undefined:undefined:undefined":167,"s:972:8:972:Infinity":445,"s:972:29:972:Infinity":446,"s:973:31:973:Infinity":447,"b:973:31:973:44:973:33:973:Infinity":168,"s:974:8:976:Infinity":448,"b:976:39:976:56:976:56:976:62":169,"s:979:6:979:Infinity":449,"f:983:2:983:10":73,"s:990:6:992:Infinity":450,"b:991:11:991:Infinity:992:10:992:Infinity":170,"b:990:6:990:22:990:6:990:45:990:32:990:Infinity":171,"s:993:10:993:Infinity":451,"s:994:4:1007:Infinity":452,"f:994:16:994:23":74,"s:995:19:995:Infinity":453,"f:995:27:995:37":75,"s:995:42:995:57":454,"s:996:12:996:Infinity":455,"s:997:12:1002:Infinity":456,"b:1004:6:1005:Infinity:1005:11:1005:Infinity":172,"s:1004:6:1005:Infinity":457,"s:1004:21:1004:Infinity":458,"s:1005:11:1005:Infinity":459,"s:1006:6:1006:Infinity":460,"f:1010:2:1010:10":76,"b:1013:4:1013:Infinity":173,"s:1022:16:1022:Infinity":461,"b:1023:4:1023:Infinity:undefined:undefined:undefined:undefined":174,"s:1023:4:1023:Infinity":462,"s:1023:14:1023:Infinity":463,"s:1024:4:1051:Infinity":464,"f:1024:16:1024:21":77,"s:1025:20:1049:Infinity":465,"f:1025:28:1025:32":78,"b:1026:8:1026:Infinity:undefined:undefined:undefined:undefined":175,"s:1026:8:1026:Infinity":466,"s:1026:29:1026:Infinity":467,"s:1027:20:1027:Infinity":468,"b:1027:20:1027:33:1027:22:1027:Infinity":176,"s:1028:14:1033:Infinity":469,"b:1030:14:1030:Infinity:1031:14:1033:Infinity":177,"b:1032:16:1032:Infinity:1033:16:1033:Infinity":178,"s:1034:8:1046:Infinity":470,"b:1037:45:1037:55:1037:55:1037:Infinity":179,"b:1039:19:1039:37:1039:37:1039:50:1039:50:1039:Infinity":180,"b:1040:19:1040:32:1040:32:1040:Infinity":181,"b:1041:20:1041:30:1041:30:1041:44:1041:44:1041:Infinity":182,"b:1042:18:1042:32:1042:32:1042:44:1042:44:1042:Infinity":183,"b:1043:22:1043:40:1043:40:1043:56:1043:56:1043:Infinity":184,"b:1044:18:1044:32:1044:32:1044:44:1044:44:1044:Infinity":185,"b:1045:23:1045:42:1045:42:1045:59:1045:59:1045:Infinity":186,"b:1046:23:1046:42:1046:42:1046:59:1046:59:1046:Infinity":187,"s:1050:6:1050:Infinity":471,"f:1054:2:1054:10":79,"s:1055:4:1057:Infinity":472,"f:1055:34:1055:38":80,"s:1056:6:1056:Infinity":473,"b:1056:19:1056:73:1056:73:1056:Infinity":188,"s:1058:4:1058:Infinity":474,"s:1059:4:1059:Infinity":475,"s:1060:4:1060:Infinity":476,"s:1061:4:1061:Infinity":477,"s:1062:9:1062:Infinity":478,"f:1068:16:1068:28":81,"s:1069:14:1069:Infinity":479,"s:1070:16:1070:Infinity":480,"s:1071:4:1089:Infinity":481,"b:1072:6:1075:Infinity:undefined:undefined:undefined:undefined":189,"s:1072:6:1075:Infinity":482,"s:1073:8:1073:Infinity":483,"s:1074:8:1074:Infinity":484,"s:1076:16:1076:Infinity":485,"b:1077:6:1080:Infinity:undefined:undefined:undefined:undefined":190,"s:1077:6:1080:Infinity":486,"s:1078:8:1078:Infinity":487,"s:1079:8:1079:Infinity":488,"s:1081:6:1081:Infinity":489,"s:1082:6:1082:Infinity":490,"b:1083:6:1086:Infinity:undefined:undefined:undefined:undefined":191,"s:1083:6:1086:Infinity":491,"s:1084:8:1084:Infinity":492,"s:1085:8:1085:Infinity":493,"f:1092:2:1092:10":82,"s:1093:16:1093:Infinity":494,"s:1094:10:1102:Infinity":495,"s:1104:4:1104:Infinity":496,"s:1105:4:1105:Infinity":497,"f:1108:2:1108:9":83,"s:1109:9:1111:Infinity":498,"f:1111:7:1111:18":84,"s:1111:18:1111:Infinity":499,"f:1114:8:1114:15":85,"b:1115:4:1117:Infinity:undefined:undefined:undefined:undefined":192,"s:1115:4:1117:Infinity":500,"s:1116:6:1116:Infinity":501,"s:1118:4:1118:Infinity":502,"s:1119:4:1119:Infinity":503,"s:1120:4:1120:Infinity":504,"s:1121:4:1121:Infinity":505,"f:1125:8:1125:19":86,"s:1126:20:1126:Infinity":506,"b:1127:4:1127:Infinity:undefined:undefined:undefined:undefined":193,"s:1127:4:1127:Infinity":507,"s:1127:18:1127:Infinity":508,"b:1128:4:1130:Infinity:undefined:undefined:undefined:undefined":194,"s:1128:4:1130:Infinity":509,"s:1129:6:1129:Infinity":510,"s:1131:18:1134:Infinity":511,"f:1132:7:1132:14":87,"s:1132:19:1132:36":512,"f:1133:7:1133:11":88,"s:1133:16:1133:28":513,"b:1133:16:1133:26:1133:26:1133:28":195,"f:1134:7:1134:14":89,"s:1134:14:1134:22":514,"s:1135:4:1135:Infinity":515,"s:1136:4:1136:Infinity":516,"s:1137:4:1137:Infinity":517,"s:1138:4:1138:Infinity":518,"s:1139:4:1141:Infinity":519,"f:1141:12:1141:16":90,"s:1141:16:1141:Infinity":520,"f:1145:8:1145:19":91,"b:1146:4:1146:Infinity:undefined:undefined:undefined:undefined":196,"s:1146:4:1146:Infinity":521,"b:1146:4:1146:25:1146:25:1146:39":197,"s:1146:39:1146:Infinity":522,"s:1147:18:1147:Infinity":523,"b:1148:4:1148:Infinity:undefined:undefined:undefined:undefined":198,"s:1148:4:1148:Infinity":524,"s:1148:16:1148:Infinity":525,"s:1149:4:1149:Infinity":526,"f:1152:2:1152:12":92,"s:1153:4:1153:Infinity":527,"b:1153:4:1153:27:1153:27:1153:Infinity":199,"s:1154:4:1154:Infinity":528,"s:1155:4:1155:Infinity":529,"b:1155:4:1155:27:1155:27:1155:Infinity":200,"s:1156:4:1156:Infinity":530,"s:1157:4:1157:Infinity":531,"b:1157:4:1157:26:1157:26:1157:Infinity":201,"s:1158:4:1158:Infinity":532,"s:1159:4:1159:Infinity":533,"s:1160:4:1160:Infinity":534,"f:1164:9:1164:16":93,"b:1165:2:1165:Infinity:undefined:undefined:undefined:undefined":202,"s:1165:2:1165:Infinity":535,"b:1165:2:1165:31:1165:31:1165:42":203,"s:1165:42:1165:Infinity":536,"s:1166:2:1166:Infinity":537},"fnNames":{}}}
}
